{"meta": {"run": "M1-smoke-p2", "arch": "ssra", "pool": "p2", "params": 4632832, "vocab": 65, "corpus_url": "https://raw.githubusercontent.com/karpathy/char-rnn/master/data/tinyshakespeare/input.txt", "corpus_bytes": 1115394, "train_tokens": 1003855, "val_tokens": 111539, "dtype": "float32", "torch": "2.12.0", "commit": "f06263f", "config": "experiments/M1-smoke-p2.yaml", "steps": 2000, "batch_size": 4, "seq_len": 512, "lr": 0.0003, "warmup_steps": 100, "weight_decay": 0.01, "seed": 1337, "device": "mps", "val_every": 250, "val_batches": 8, "log_every": 50}}
{"step": 0, "train_loss": 4.13881, "lr": 3e-06, "elapsed_s": 2.6}
{"step": 0, "val_loss": 4.10467, "val_bpc": 5.92179}
{"step": 50, "train_loss": 3.06487, "lr": 0.000153, "elapsed_s": 150.2}
{"step": 100, "train_loss": 2.59579, "lr": 0.0003, "elapsed_s": 277.6}
{"step": 150, "train_loss": 2.39104, "lr": 0.0003, "elapsed_s": 412.3}
{"step": 200, "train_loss": 2.25862, "lr": 0.000298, "elapsed_s": 532.7}
{"step": 250, "train_loss": 2.1408, "lr": 0.000296, "elapsed_s": 649.1}
{"step": 250, "val_loss": 2.19117, "val_bpc": 3.16119}
{"step": 300, "train_loss": 2.01024, "lr": 0.000293, "elapsed_s": 767.9}
{"step": 350, "train_loss": 1.89856, "lr": 0.000289, "elapsed_s": 880.5}
{"step": 400, "train_loss": 1.96252, "lr": 0.000284, "elapsed_s": 996.4}
{"step": 450, "train_loss": 1.94453, "lr": 0.000278, "elapsed_s": 1111.7}
{"step": 500, "train_loss": 1.77703, "lr": 0.000272, "elapsed_s": 1227.5}
{"step": 500, "val_loss": 1.9165, "val_bpc": 2.76493}
{"step": 550, "train_loss": 1.79627, "lr": 0.000264, "elapsed_s": 1354.9}
{"step": 600, "train_loss": 1.66219, "lr": 0.000256, "elapsed_s": 1476.3}
{"step": 650, "train_loss": 1.66751, "lr": 0.000248, "elapsed_s": 1595.1}
{"step": 700, "train_loss": 1.60168, "lr": 0.000239, "elapsed_s": 1716.8}
{"step": 750, "train_loss": 1.66414, "lr": 0.000229, "elapsed_s": 1834.9}
{"step": 750, "val_loss": 1.79734, "val_bpc": 2.59302}
{"step": 800, "train_loss": 1.55557, "lr": 0.000219, "elapsed_s": 1959.9}
{"step": 850, "train_loss": 1.59788, "lr": 0.000209, "elapsed_s": 2071.4}
{"step": 900, "train_loss": 1.53356, "lr": 0.000198, "elapsed_s": 2183.3}
{"step": 950, "train_loss": 1.6017, "lr": 0.000187, "elapsed_s": 2298.1}
{"step": 1000, "train_loss": 1.37466, "lr": 0.000176, "elapsed_s": 2413.0}
{"step": 1000, "val_loss": 1.70303, "val_bpc": 2.45695}
{"step": 1050, "train_loss": 1.52572, "lr": 0.000165, "elapsed_s": 2531.6}
{"step": 1100, "train_loss": 1.4417, "lr": 0.000154, "elapsed_s": 2644.0}
{"step": 1150, "train_loss": 1.52833, "lr": 0.000143, "elapsed_s": 2757.8}
{"step": 1200, "train_loss": 1.46818, "lr": 0.000132, "elapsed_s": 2877.9}
{"step": 1250, "train_loss": 1.46215, "lr": 0.000121, "elapsed_s": 2990.4}
{"step": 1250, "val_loss": 1.64509, "val_bpc": 2.37337}
{"step": 1300, "train_loss": 1.35956, "lr": 0.000111, "elapsed_s": 3109.9}
{"step": 1350, "train_loss": 1.45272, "lr": 0.000101, "elapsed_s": 3211.7}
{"step": 1400, "train_loss": 1.44288, "lr": 9.1e-05, "elapsed_s": 3313.1}
{"step": 1450, "train_loss": 1.59053, "lr": 8.2e-05, "elapsed_s": 3414.4}
{"step": 1500, "train_loss": 1.37857, "lr": 7.4e-05, "elapsed_s": 3516.9}
{"step": 1500, "val_loss": 1.59819, "val_bpc": 2.3057}
{"step": 1550, "train_loss": 1.35934, "lr": 6.6e-05, "elapsed_s": 3624.1}
{"step": 1600, "train_loss": 1.37755, "lr": 5.8e-05, "elapsed_s": 3726.3}
{"step": 1650, "train_loss": 1.4485, "lr": 5.2e-05, "elapsed_s": 3826.4}
{"step": 1700, "train_loss": 1.3508, "lr": 4.6e-05, "elapsed_s": 3926.5}
{"step": 1750, "train_loss": 1.3618, "lr": 4.1e-05, "elapsed_s": 4028.4}
{"step": 1750, "val_loss": 1.56273, "val_bpc": 2.25454}
{"step": 1800, "train_loss": 1.41117, "lr": 3.7e-05, "elapsed_s": 4135.6}
{"step": 1850, "train_loss": 1.39595, "lr": 3.4e-05, "elapsed_s": 4235.4}
{"step": 1900, "train_loss": 1.27227, "lr": 3.2e-05, "elapsed_s": 4335.4}
{"step": 1950, "train_loss": 1.35147, "lr": 3e-05, "elapsed_s": 4434.9}
{"step": 1999, "val_loss": 1.56045, "val_bpc": 2.25126}
{"summary": {"final_val_loss": 1.56045, "final_val_bpc": 2.25126, "wall_clock_s": 4538.9, "run": "M1-smoke-p2"}}
