{"meta": {"run": "M1-smoke-megabyte", "arch": "megabyte", "pool": "p1", "params": 4391968, "vocab": 65, "corpus_url": "https://raw.githubusercontent.com/karpathy/char-rnn/master/data/tinyshakespeare/input.txt", "corpus_bytes": 1115394, "train_tokens": 1003855, "val_tokens": 111539, "dtype": "float32", "torch": "2.12.0", "commit": "f06263f", "config": "experiments/M1-smoke-megabyte.yaml", "steps": 2000, "batch_size": 4, "seq_len": 512, "lr": 0.0003, "warmup_steps": 100, "weight_decay": 0.01, "seed": 1337, "device": "mps", "val_every": 250, "val_batches": 8, "log_every": 50}}
{"step": 0, "train_loss": 4.24015, "lr": 3e-06, "elapsed_s": 0.8}
{"step": 0, "val_loss": 4.12351, "val_bpc": 5.94897}
{"step": 50, "train_loss": 3.42169, "lr": 0.000153, "elapsed_s": 3.8}
{"step": 100, "train_loss": 3.33139, "lr": 0.0003, "elapsed_s": 6.3}
{"step": 150, "train_loss": 3.22782, "lr": 0.0003, "elapsed_s": 9.1}
{"step": 200, "train_loss": 2.91545, "lr": 0.000298, "elapsed_s": 12.0}
{"step": 250, "train_loss": 2.67084, "lr": 0.000296, "elapsed_s": 14.9}
{"step": 250, "val_loss": 2.7253, "val_bpc": 3.93177}
{"step": 300, "train_loss": 2.55006, "lr": 0.000293, "elapsed_s": 17.8}
{"step": 350, "train_loss": 2.45615, "lr": 0.000289, "elapsed_s": 20.5}
{"step": 400, "train_loss": 2.49771, "lr": 0.000284, "elapsed_s": 23.3}
{"step": 450, "train_loss": 2.47105, "lr": 0.000278, "elapsed_s": 26.1}
{"step": 500, "train_loss": 2.27632, "lr": 0.000272, "elapsed_s": 28.9}
{"step": 500, "val_loss": 2.39251, "val_bpc": 3.45166}
{"step": 550, "train_loss": 2.36574, "lr": 0.000264, "elapsed_s": 31.8}
{"step": 600, "train_loss": 2.25791, "lr": 0.000256, "elapsed_s": 34.5}
{"step": 650, "train_loss": 2.31843, "lr": 0.000248, "elapsed_s": 37.3}
{"step": 700, "train_loss": 2.26697, "lr": 0.000239, "elapsed_s": 40.1}
{"step": 750, "train_loss": 2.25025, "lr": 0.000229, "elapsed_s": 42.8}
{"step": 750, "val_loss": 2.23562, "val_bpc": 3.22532}
{"step": 800, "train_loss": 2.2086, "lr": 0.000219, "elapsed_s": 45.7}
{"step": 850, "train_loss": 2.20209, "lr": 0.000209, "elapsed_s": 48.5}
{"step": 900, "train_loss": 2.16966, "lr": 0.000198, "elapsed_s": 51.2}
{"step": 950, "train_loss": 2.18798, "lr": 0.000187, "elapsed_s": 54.0}
{"step": 1000, "train_loss": 1.97385, "lr": 0.000176, "elapsed_s": 56.7}
{"step": 1000, "val_loss": 2.15343, "val_bpc": 3.10675}
{"step": 1050, "train_loss": 2.12316, "lr": 0.000165, "elapsed_s": 59.6}
{"step": 1100, "train_loss": 2.04125, "lr": 0.000154, "elapsed_s": 62.3}
{"step": 1150, "train_loss": 2.02553, "lr": 0.000143, "elapsed_s": 65.0}
{"step": 1200, "train_loss": 2.079, "lr": 0.000132, "elapsed_s": 67.8}
{"step": 1250, "train_loss": 2.03607, "lr": 0.000121, "elapsed_s": 70.5}
{"step": 1250, "val_loss": 2.10067, "val_bpc": 3.03063}
{"step": 1300, "train_loss": 2.02782, "lr": 0.000111, "elapsed_s": 73.4}
{"step": 1350, "train_loss": 2.02512, "lr": 0.000101, "elapsed_s": 76.1}
{"step": 1400, "train_loss": 2.05065, "lr": 9.1e-05, "elapsed_s": 78.9}
{"step": 1450, "train_loss": 2.05461, "lr": 8.2e-05, "elapsed_s": 81.6}
{"step": 1500, "train_loss": 2.02589, "lr": 7.4e-05, "elapsed_s": 84.3}
{"step": 1500, "val_loss": 2.05488, "val_bpc": 2.96457}
{"step": 1550, "train_loss": 2.0071, "lr": 6.6e-05, "elapsed_s": 87.2}
{"step": 1600, "train_loss": 1.98827, "lr": 5.8e-05, "elapsed_s": 89.9}
{"step": 1650, "train_loss": 2.03034, "lr": 5.2e-05, "elapsed_s": 92.6}
{"step": 1700, "train_loss": 1.95818, "lr": 4.6e-05, "elapsed_s": 95.4}
{"step": 1750, "train_loss": 2.0314, "lr": 4.1e-05, "elapsed_s": 98.1}
{"step": 1750, "val_loss": 2.02153, "val_bpc": 2.91646}
{"step": 1800, "train_loss": 1.99699, "lr": 3.7e-05, "elapsed_s": 100.9}
{"step": 1850, "train_loss": 2.00845, "lr": 3.4e-05, "elapsed_s": 103.6}
{"step": 1900, "train_loss": 1.88028, "lr": 3.2e-05, "elapsed_s": 106.4}
{"step": 1950, "train_loss": 1.98065, "lr": 3e-05, "elapsed_s": 109.1}
{"step": 1999, "val_loss": 2.00817, "val_bpc": 2.89717}
{"summary": {"final_val_loss": 2.00817, "final_val_bpc": 2.89717, "wall_clock_s": 111.8, "run": "M1-smoke-megabyte"}}
