{"meta": {"run": "M1-smoke-p3", "arch": "ssra", "pool": "p3", "params": 3977477, "vocab": 65, "corpus_url": "https://raw.githubusercontent.com/karpathy/char-rnn/master/data/tinyshakespeare/input.txt", "corpus_bytes": 1115394, "train_tokens": 1003855, "val_tokens": 111539, "dtype": "float32", "torch": "2.12.0", "commit": "f06263f", "config": "experiments/M1-smoke-p3.yaml", "steps": 2000, "batch_size": 4, "seq_len": 512, "lr": 0.0003, "warmup_steps": 100, "weight_decay": 0.01, "seed": 1337, "device": "mps", "val_every": 250, "val_batches": 8, "log_every": 50}}
{"step": 0, "train_loss": 4.27858, "lr": 3e-06, "elapsed_s": 5.2, "lb_loss": 0.046239, "tau": 2.0}
{"step": 0, "val_loss": 4.26193, "val_bpc": 6.14867}
{"step": 50, "train_loss": 3.35058, "lr": 0.000153, "elapsed_s": 118.9, "lb_loss": 0.108928, "tau": 1.925}
{"step": 100, "train_loss": 2.66549, "lr": 0.0003, "elapsed_s": 225.2, "lb_loss": 0.069743, "tau": 1.85}
{"step": 150, "train_loss": 2.46683, "lr": 0.0003, "elapsed_s": 329.8, "lb_loss": 0.059138, "tau": 1.775}
{"step": 200, "train_loss": 2.32653, "lr": 0.000298, "elapsed_s": 435.8, "lb_loss": 0.055052, "tau": 1.7}
{"step": 250, "train_loss": 2.22891, "lr": 0.000296, "elapsed_s": 539.1, "lb_loss": 0.048991, "tau": 1.625}
{"step": 250, "val_loss": 2.26894, "val_bpc": 3.27338}
{"step": 300, "train_loss": 2.08386, "lr": 0.000293, "elapsed_s": 649.3, "lb_loss": 0.053592, "tau": 1.55}
{"step": 350, "train_loss": 1.98543, "lr": 0.000289, "elapsed_s": 751.9, "lb_loss": 0.046443, "tau": 1.475}
{"step": 400, "train_loss": 2.02155, "lr": 0.000284, "elapsed_s": 855.8, "lb_loss": 0.04741, "tau": 1.4}
{"step": 450, "train_loss": 1.98457, "lr": 0.000278, "elapsed_s": 959.5, "lb_loss": 0.043826, "tau": 1.325}
{"step": 500, "train_loss": 1.80208, "lr": 0.000272, "elapsed_s": 1061.6, "lb_loss": 0.043483, "tau": 1.25}
{"step": 500, "val_loss": 1.95197, "val_bpc": 2.81609}
{"step": 550, "train_loss": 1.84229, "lr": 0.000264, "elapsed_s": 1170.4, "lb_loss": 0.044552, "tau": 1.175}
{"step": 600, "train_loss": 1.72407, "lr": 0.000256, "elapsed_s": 1272.9, "lb_loss": 0.056972, "tau": 1.1}
{"step": 650, "train_loss": 1.70036, "lr": 0.000248, "elapsed_s": 1377.2, "lb_loss": 0.040811, "tau": 1.025}
{"step": 700, "train_loss": 1.63272, "lr": 0.000239, "elapsed_s": 1481.1, "lb_loss": 0.041715, "tau": 0.95}
{"step": 750, "train_loss": 1.70833, "lr": 0.000229, "elapsed_s": 1584.4, "lb_loss": 0.038942, "tau": 0.875}
{"step": 750, "val_loss": 1.81285, "val_bpc": 2.61538}
{"step": 800, "train_loss": 1.56996, "lr": 0.000219, "elapsed_s": 1693.6, "lb_loss": 0.037852, "tau": 0.8}
{"step": 850, "train_loss": 1.6292, "lr": 0.000209, "elapsed_s": 1796.0, "lb_loss": 0.043154, "tau": 0.725}
{"step": 900, "train_loss": 1.54348, "lr": 0.000198, "elapsed_s": 1898.9, "lb_loss": 0.03933, "tau": 0.65}
{"step": 950, "train_loss": 1.61962, "lr": 0.000187, "elapsed_s": 2001.5, "lb_loss": 0.035012, "tau": 0.575}
{"step": 1000, "train_loss": 1.39716, "lr": 0.000176, "elapsed_s": 2105.0, "lb_loss": 0.031463, "tau": 0.5}
{"step": 1000, "val_loss": 1.70557, "val_bpc": 2.46062}
{"step": 1050, "train_loss": 1.55935, "lr": 0.000165, "elapsed_s": 2214.2, "lb_loss": 0.031919, "tau": 0.5}
{"step": 1100, "train_loss": 1.45251, "lr": 0.000154, "elapsed_s": 2316.8, "lb_loss": 0.031742, "tau": 0.5}
{"step": 1150, "train_loss": 1.52871, "lr": 0.000143, "elapsed_s": 2420.1, "lb_loss": 0.033581, "tau": 0.5}
{"step": 1200, "train_loss": 1.47954, "lr": 0.000132, "elapsed_s": 2522.5, "lb_loss": 0.028707, "tau": 0.5}
{"step": 1250, "train_loss": 1.50199, "lr": 0.000121, "elapsed_s": 2624.9, "lb_loss": 0.026712, "tau": 0.5}
{"step": 1250, "val_loss": 1.65372, "val_bpc": 2.38581}
{"step": 1300, "train_loss": 1.38576, "lr": 0.000111, "elapsed_s": 2734.8, "lb_loss": 0.030385, "tau": 0.5}
{"step": 1350, "train_loss": 1.465, "lr": 0.000101, "elapsed_s": 2843.1, "lb_loss": 0.03449, "tau": 0.5}
{"step": 1400, "train_loss": 1.47507, "lr": 9.1e-05, "elapsed_s": 2978.7, "lb_loss": 0.036581, "tau": 0.5}
{"step": 1450, "train_loss": 1.60863, "lr": 8.2e-05, "elapsed_s": 3106.6, "lb_loss": 0.033945, "tau": 0.5}
{"step": 1500, "train_loss": 1.38676, "lr": 7.4e-05, "elapsed_s": 3226.5, "lb_loss": 0.037225, "tau": 0.5}
{"step": 1500, "val_loss": 1.61189, "val_bpc": 2.32546}
{"step": 1550, "train_loss": 1.36803, "lr": 6.6e-05, "elapsed_s": 3368.8, "lb_loss": 0.032273, "tau": 0.5}
{"step": 1600, "train_loss": 1.40025, "lr": 5.8e-05, "elapsed_s": 3515.1, "lb_loss": 0.029903, "tau": 0.5}
{"step": 1650, "train_loss": 1.44897, "lr": 5.2e-05, "elapsed_s": 3634.5, "lb_loss": 0.040145, "tau": 0.5}
{"step": 1700, "train_loss": 1.37335, "lr": 4.6e-05, "elapsed_s": 3757.6, "lb_loss": 0.033297, "tau": 0.5}
{"step": 1750, "train_loss": 1.39029, "lr": 4.1e-05, "elapsed_s": 3877.7, "lb_loss": 0.037371, "tau": 0.5}
{"step": 1750, "val_loss": 1.5753, "val_bpc": 2.27268}
{"step": 1800, "train_loss": 1.4239, "lr": 3.7e-05, "elapsed_s": 4005.0, "lb_loss": 0.032117, "tau": 0.5}
{"step": 1850, "train_loss": 1.41083, "lr": 3.4e-05, "elapsed_s": 4126.4, "lb_loss": 0.04174, "tau": 0.5}
{"step": 1900, "train_loss": 1.29022, "lr": 3.2e-05, "elapsed_s": 4245.8, "lb_loss": 0.0355, "tau": 0.5}
{"step": 1950, "train_loss": 1.38849, "lr": 3e-05, "elapsed_s": 4370.7, "lb_loss": 0.032497, "tau": 0.5}
{"step": 1999, "val_loss": 1.5698, "val_bpc": 2.26474}
{"summary": {"final_val_loss": 1.5698, "final_val_bpc": 2.26474, "wall_clock_s": 4498.0, "run": "M1-smoke-p3"}}
