{"meta": {"run": "M1-smoke-flat", "arch": "flat", "pool": "p1", "params": 3960832, "vocab": 65, "corpus_url": "https://raw.githubusercontent.com/karpathy/char-rnn/master/data/tinyshakespeare/input.txt", "corpus_bytes": 1115394, "train_tokens": 1003855, "val_tokens": 111539, "dtype": "float32", "torch": "2.12.0", "commit": "f06263f", "config": "experiments/M1-smoke-flat.yaml", "steps": 2000, "batch_size": 4, "seq_len": 512, "lr": 0.0003, "warmup_steps": 100, "weight_decay": 0.01, "seed": 1337, "device": "mps", "val_every": 250, "val_batches": 8, "log_every": 50}}
{"step": 0, "train_loss": 4.1588, "lr": 3e-06, "elapsed_s": 0.9}
{"step": 0, "val_loss": 4.14919, "val_bpc": 5.98601}
{"step": 50, "train_loss": 3.17929, "lr": 0.000153, "elapsed_s": 10.0}
{"step": 100, "train_loss": 2.63918, "lr": 0.0003, "elapsed_s": 18.6}
{"step": 150, "train_loss": 2.4543, "lr": 0.0003, "elapsed_s": 27.3}
{"step": 200, "train_loss": 2.33132, "lr": 0.000298, "elapsed_s": 36.1}
{"step": 250, "train_loss": 2.21272, "lr": 0.000296, "elapsed_s": 44.9}
{"step": 250, "val_loss": 2.2659, "val_bpc": 3.26901}
{"step": 300, "train_loss": 2.06697, "lr": 0.000293, "elapsed_s": 54.3}
{"step": 350, "train_loss": 1.96976, "lr": 0.000289, "elapsed_s": 63.2}
{"step": 400, "train_loss": 2.01809, "lr": 0.000284, "elapsed_s": 72.2}
{"step": 450, "train_loss": 1.99242, "lr": 0.000278, "elapsed_s": 81.2}
{"step": 500, "train_loss": 1.79208, "lr": 0.000272, "elapsed_s": 90.3}
{"step": 500, "val_loss": 1.94382, "val_bpc": 2.80434}
{"step": 550, "train_loss": 1.83463, "lr": 0.000264, "elapsed_s": 100.1}
{"step": 600, "train_loss": 1.73452, "lr": 0.000256, "elapsed_s": 109.3}
{"step": 650, "train_loss": 1.69777, "lr": 0.000248, "elapsed_s": 118.5}
{"step": 700, "train_loss": 1.64732, "lr": 0.000239, "elapsed_s": 127.7}
{"step": 750, "train_loss": 1.71745, "lr": 0.000229, "elapsed_s": 136.9}
{"step": 750, "val_loss": 1.83134, "val_bpc": 2.64207}
{"step": 800, "train_loss": 1.59958, "lr": 0.000219, "elapsed_s": 146.5}
{"step": 850, "train_loss": 1.65472, "lr": 0.000209, "elapsed_s": 155.7}
{"step": 900, "train_loss": 1.56068, "lr": 0.000198, "elapsed_s": 164.9}
{"step": 950, "train_loss": 1.62147, "lr": 0.000187, "elapsed_s": 174.1}
{"step": 1000, "train_loss": 1.41486, "lr": 0.000176, "elapsed_s": 183.2}
{"step": 1000, "val_loss": 1.73106, "val_bpc": 2.49739}
{"step": 1050, "train_loss": 1.57094, "lr": 0.000165, "elapsed_s": 192.8}
{"step": 1100, "train_loss": 1.49189, "lr": 0.000154, "elapsed_s": 202.0}
{"step": 1150, "train_loss": 1.57181, "lr": 0.000143, "elapsed_s": 211.1}
{"step": 1200, "train_loss": 1.51279, "lr": 0.000132, "elapsed_s": 220.2}
{"step": 1250, "train_loss": 1.50427, "lr": 0.000121, "elapsed_s": 229.4}
{"step": 1250, "val_loss": 1.67614, "val_bpc": 2.41816}
{"step": 1300, "train_loss": 1.41523, "lr": 0.000111, "elapsed_s": 239.0}
{"step": 1350, "train_loss": 1.47732, "lr": 0.000101, "elapsed_s": 248.1}
{"step": 1400, "train_loss": 1.49147, "lr": 9.1e-05, "elapsed_s": 257.3}
{"step": 1450, "train_loss": 1.61163, "lr": 8.2e-05, "elapsed_s": 266.4}
{"step": 1500, "train_loss": 1.42257, "lr": 7.4e-05, "elapsed_s": 275.5}
{"step": 1500, "val_loss": 1.62561, "val_bpc": 2.34527}
{"step": 1550, "train_loss": 1.38283, "lr": 6.6e-05, "elapsed_s": 285.1}
{"step": 1600, "train_loss": 1.40159, "lr": 5.8e-05, "elapsed_s": 294.3}
{"step": 1650, "train_loss": 1.47702, "lr": 5.2e-05, "elapsed_s": 303.4}
{"step": 1700, "train_loss": 1.39587, "lr": 4.6e-05, "elapsed_s": 312.5}
{"step": 1750, "train_loss": 1.40414, "lr": 4.1e-05, "elapsed_s": 321.6}
{"step": 1750, "val_loss": 1.58889, "val_bpc": 2.29229}
{"step": 1800, "train_loss": 1.4529, "lr": 3.7e-05, "elapsed_s": 331.4}
{"step": 1850, "train_loss": 1.44037, "lr": 3.4e-05, "elapsed_s": 340.5}
{"step": 1900, "train_loss": 1.31131, "lr": 3.2e-05, "elapsed_s": 349.7}
{"step": 1950, "train_loss": 1.41961, "lr": 3e-05, "elapsed_s": 358.8}
{"step": 1999, "val_loss": 1.5788, "val_bpc": 2.27772}
{"summary": {"final_val_loss": 1.5788, "final_val_bpc": 2.27772, "wall_clock_s": 368.3, "run": "M1-smoke-flat"}}
