=== M1-smoke-p1 START 2026-06-12 10:48:21
{
  "meta": {
    "run": "M1-smoke-p1",
    "arch": "ssra",
    "pool": "p1",
    "params": 3999232,
    "vocab": 65,
    "corpus_url": "https://raw.githubusercontent.com/karpathy/char-rnn/master/data/tinyshakespeare/input.txt",
    "corpus_bytes": 1115394,
    "train_tokens": 1003855,
    "val_tokens": 111539,
    "dtype": "float32",
    "torch": "2.12.0",
    "commit": "184d9bd",
    "config": "experiments/M1-smoke-p1.yaml",
    "steps": 2000,
    "batch_size": 4,
    "seq_len": 512,
    "lr": 0.0003,
    "warmup_steps": 100,
    "weight_decay": 0.01,
    "seed": 1337,
    "device": "mps",
    "val_every": 250,
    "val_batches": 8,
    "log_every": 50
  }
}
{'step': 0, 'train_loss': 4.21304, 'lr': 3e-06, 'elapsed_s': 4.2, 'p1_attn_entropy': 3.4657, 'p1_participation_min': 0.0469, 'p1_participation_max': 0.0763}
{'step': 0, 'val_loss': 4.19396, 'val_bpc': 6.05061}
{'step': 50, 'train_loss': 3.08209, 'lr': 0.000153, 'elapsed_s': 107.2, 'p1_attn_entropy': 3.4657, 'p1_participation_min': 0.0504, 'p1_participation_max': 0.0758}
{'step': 100, 'train_loss': 2.60097, 'lr': 0.0003, 'elapsed_s': 204.9, 'p1_attn_entropy': 3.4657, 'p1_participation_min': 0.0509, 'p1_participation_max': 0.0792}
{'step': 150, 'train_loss': 2.40481, 'lr': 0.0003, 'elapsed_s': 301.5, 'p1_attn_entropy': 3.4657, 'p1_participation_min': 0.0497, 'p1_participation_max': 0.0797}
{'step': 200, 'train_loss': 2.25459, 'lr': 0.000298, 'elapsed_s': 398.8, 'p1_attn_entropy': 3.4657, 'p1_participation_min': 0.0494, 'p1_participation_max': 0.0838}
{'step': 250, 'train_loss': 2.1172, 'lr': 0.000296, 'elapsed_s': 512.7, 'p1_attn_entropy': 3.4657, 'p1_participation_min': 0.0455, 'p1_participation_max': 0.0773}
{'step': 250, 'val_loss': 2.17406, 'val_bpc': 3.13651}
{'step': 300, 'train_loss': 1.96927, 'lr': 0.000293, 'elapsed_s': 653.0, 'p1_attn_entropy': 3.4657, 'p1_participation_min': 0.0432, 'p1_participation_max': 0.0735}
{'step': 350, 'train_loss': 1.85815, 'lr': 0.000289, 'elapsed_s': 763.6, 'p1_attn_entropy': 3.4657, 'p1_participation_min': 0.0462, 'p1_participation_max': 0.0748}
{'step': 400, 'train_loss': 1.93992, 'lr': 0.000284, 'elapsed_s': 881.6, 'p1_attn_entropy': 3.4657, 'p1_participation_min': 0.043, 'p1_participation_max': 0.0739}
{'step': 450, 'train_loss': 1.9331, 'lr': 0.000278, 'elapsed_s': 997.4, 'p1_attn_entropy': 3.4657, 'p1_participation_min': 0.0482, 'p1_participation_max': 0.0767}
{'step': 500, 'train_loss': 1.73514, 'lr': 0.000272, 'elapsed_s': 1132.1, 'p1_attn_entropy': 3.4657, 'p1_participation_min': 0.0499, 'p1_participation_max': 0.0761}
{'step': 500, 'val_loss': 1.90028, 'val_bpc': 2.74152}
{'step': 550, 'train_loss': 1.79202, 'lr': 0.000264, 'elapsed_s': 1269.4, 'p1_attn_entropy': 3.4657, 'p1_participation_min': 0.0448, 'p1_participation_max': 0.0703}
{'step': 600, 'train_loss': 1.65639, 'lr': 0.000256, 'elapsed_s': 1383.3, 'p1_attn_entropy': 3.4657, 'p1_participation_min': 0.0504, 'p1_participation_max': 0.0748}
{'step': 650, 'train_loss': 1.63836, 'lr': 0.000248, 'elapsed_s': 1496.9, 'p1_attn_entropy': 3.4657, 'p1_participation_min': 0.047, 'p1_participation_max': 0.0792}
{'step': 700, 'train_loss': 1.58585, 'lr': 0.000239, 'elapsed_s': 1613.0, 'p1_attn_entropy': 3.4657, 'p1_participation_min': 0.0498, 'p1_participation_max': 0.0737}
{'step': 750, 'train_loss': 1.66743, 'lr': 0.000229, 'elapsed_s': 1734.3, 'p1_attn_entropy': 3.4657, 'p1_participation_min': 0.0462, 'p1_participation_max': 0.0798}
{'step': 750, 'val_loss': 1.79194, 'val_bpc': 2.58522}
{'step': 800, 'train_loss': 1.53781, 'lr': 0.000219, 'elapsed_s': 1862.8, 'p1_attn_entropy': 3.4657, 'p1_participation_min': 0.0506, 'p1_participation_max': 0.0752}
{'step': 850, 'train_loss': 1.58503, 'lr': 0.000209, 'elapsed_s': 1980.1, 'p1_attn_entropy': 3.4657, 'p1_participation_min': 0.05, 'p1_participation_max': 0.0735}
{'step': 900, 'train_loss': 1.49755, 'lr': 0.000198, 'elapsed_s': 2095.5, 'p1_attn_entropy': 3.4657, 'p1_participation_min': 0.0485, 'p1_participation_max': 0.0754}
{'step': 950, 'train_loss': 1.59449, 'lr': 0.000187, 'elapsed_s': 2212.6, 'p1_attn_entropy': 3.4657, 'p1_participation_min': 0.0481, 'p1_participation_max': 0.0736}
{'step': 1000, 'train_loss': 1.36638, 'lr': 0.000176, 'elapsed_s': 2350.5, 'p1_attn_entropy': 3.4657, 'p1_participation_min': 0.0468, 'p1_participation_max': 0.0742}
{'step': 1000, 'val_loss': 1.69255, 'val_bpc': 2.44184}
{'step': 1050, 'train_loss': 1.53253, 'lr': 0.000165, 'elapsed_s': 2508.9, 'p1_attn_entropy': 3.4657, 'p1_participation_min': 0.0464, 'p1_participation_max': 0.0746}
{'step': 1100, 'train_loss': 1.44487, 'lr': 0.000154, 'elapsed_s': 2651.6, 'p1_attn_entropy': 3.4657, 'p1_participation_min': 0.0474, 'p1_participation_max': 0.0765}
{'step': 1150, 'train_loss': 1.5202, 'lr': 0.000143, 'elapsed_s': 2792.3, 'p1_attn_entropy': 3.4657, 'p1_participation_min': 0.0501, 'p1_participation_max': 0.0741}
{'step': 1200, 'train_loss': 1.46352, 'lr': 0.000132, 'elapsed_s': 2931.2, 'p1_attn_entropy': 3.4657, 'p1_participation_min': 0.0511, 'p1_participation_max': 0.076}
{'step': 1250, 'train_loss': 1.47658, 'lr': 0.000121, 'elapsed_s': 3067.3, 'p1_attn_entropy': 3.4657, 'p1_participation_min': 0.0469, 'p1_participation_max': 0.0756}
{'step': 1250, 'val_loss': 1.63989, 'val_bpc': 2.36586}
{'step': 1300, 'train_loss': 1.3651, 'lr': 0.000111, 'elapsed_s': 3222.5, 'p1_attn_entropy': 3.4657, 'p1_participation_min': 0.0488, 'p1_participation_max': 0.0761}
{'step': 1350, 'train_loss': 1.44269, 'lr': 0.000101, 'elapsed_s': 3355.1, 'p1_attn_entropy': 3.4657, 'p1_participation_min': 0.048, 'p1_participation_max': 0.0796}
{'step': 1400, 'train_loss': 1.46197, 'lr': 9.1e-05, 'elapsed_s': 3471.3, 'p1_attn_entropy': 3.4657, 'p1_participation_min': 0.05, 'p1_participation_max': 0.0738}
{'step': 1450, 'train_loss': 1.58797, 'lr': 8.2e-05, 'elapsed_s': 3576.0, 'p1_attn_entropy': 3.4657, 'p1_participation_min': 0.0495, 'p1_participation_max': 0.0738}
{'step': 1500, 'train_loss': 1.38518, 'lr': 7.4e-05, 'elapsed_s': 3680.3, 'p1_attn_entropy': 3.4657, 'p1_participation_min': 0.0474, 'p1_participation_max': 0.0771}
{'step': 1500, 'val_loss': 1.59951, 'val_bpc': 2.3076}
{'step': 1550, 'train_loss': 1.34358, 'lr': 6.6e-05, 'elapsed_s': 3793.3, 'p1_attn_entropy': 3.4657, 'p1_participation_min': 0.0526, 'p1_participation_max': 0.0742}
{'step': 1600, 'train_loss': 1.36823, 'lr': 5.8e-05, 'elapsed_s': 3896.9, 'p1_attn_entropy': 3.4657, 'p1_participation_min': 0.0501, 'p1_participation_max': 0.0748}
{'step': 1650, 'train_loss': 1.44114, 'lr': 5.2e-05, 'elapsed_s': 3998.9, 'p1_attn_entropy': 3.4657, 'p1_participation_min': 0.0494, 'p1_participation_max': 0.0748}
{'step': 1700, 'train_loss': 1.36319, 'lr': 4.6e-05, 'elapsed_s': 4101.6, 'p1_attn_entropy': 3.4657, 'p1_participation_min': 0.0509, 'p1_participation_max': 0.0746}
{'step': 1750, 'train_loss': 1.3721, 'lr': 4.1e-05, 'elapsed_s': 4206.3, 'p1_attn_entropy': 3.4657, 'p1_participation_min': 0.0511, 'p1_participation_max': 0.0789}
{'step': 1750, 'val_loss': 1.56981, 'val_bpc': 2.26475}
{'step': 1800, 'train_loss': 1.40898, 'lr': 3.7e-05, 'elapsed_s': 4314.6, 'p1_attn_entropy': 3.4657, 'p1_participation_min': 0.0507, 'p1_participation_max': 0.0727}
{'step': 1850, 'train_loss': 1.3817, 'lr': 3.4e-05, 'elapsed_s': 4416.4, 'p1_attn_entropy': 3.4657, 'p1_participation_min': 0.053, 'p1_participation_max': 0.0755}
{'step': 1900, 'train_loss': 1.25687, 'lr': 3.2e-05, 'elapsed_s': 4518.4, 'p1_attn_entropy': 3.4657, 'p1_participation_min': 0.0516, 'p1_participation_max': 0.0777}
{'step': 1950, 'train_loss': 1.34592, 'lr': 3e-05, 'elapsed_s': 4626.4, 'p1_attn_entropy': 3.4657, 'p1_participation_min': 0.0504, 'p1_participation_max': 0.0806}
{'step': 1999, 'val_loss': 1.56295, 'val_bpc': 2.25486}
{"summary": {"final_val_loss": 1.56295, "final_val_bpc": 2.25486, "wall_clock_s": 4734.3, "run": "M1-smoke-p1"}}
=== M1-smoke-p1 DONE  2026-06-12 12:07:18
=== M1-smoke-p3 START 2026-06-12 12:07:18
{
  "meta": {
    "run": "M1-smoke-p3",
    "arch": "ssra",
    "pool": "p3",
    "params": 3977477,
    "vocab": 65,
    "corpus_url": "https://raw.githubusercontent.com/karpathy/char-rnn/master/data/tinyshakespeare/input.txt",
    "corpus_bytes": 1115394,
    "train_tokens": 1003855,
    "val_tokens": 111539,
    "dtype": "float32",
    "torch": "2.12.0",
    "commit": "f06263f",
    "config": "experiments/M1-smoke-p3.yaml",
    "steps": 2000,
    "batch_size": 4,
    "seq_len": 512,
    "lr": 0.0003,
    "warmup_steps": 100,
    "weight_decay": 0.01,
    "seed": 1337,
    "device": "mps",
    "val_every": 250,
    "val_batches": 8,
    "log_every": 50
  }
}
{'step': 0, 'train_loss': 4.27858, 'lr': 3e-06, 'elapsed_s': 5.2, 'lb_loss': 0.046239, 'tau': 2.0}
{'step': 0, 'val_loss': 4.26193, 'val_bpc': 6.14867}
{'step': 50, 'train_loss': 3.35058, 'lr': 0.000153, 'elapsed_s': 118.9, 'lb_loss': 0.108928, 'tau': 1.925}
{'step': 100, 'train_loss': 2.66549, 'lr': 0.0003, 'elapsed_s': 225.2, 'lb_loss': 0.069743, 'tau': 1.85}
{'step': 150, 'train_loss': 2.46683, 'lr': 0.0003, 'elapsed_s': 329.8, 'lb_loss': 0.059138, 'tau': 1.775}
{'step': 200, 'train_loss': 2.32653, 'lr': 0.000298, 'elapsed_s': 435.8, 'lb_loss': 0.055052, 'tau': 1.7}
{'step': 250, 'train_loss': 2.22891, 'lr': 0.000296, 'elapsed_s': 539.1, 'lb_loss': 0.048991, 'tau': 1.625}
{'step': 250, 'val_loss': 2.26894, 'val_bpc': 3.27338}
{'step': 300, 'train_loss': 2.08386, 'lr': 0.000293, 'elapsed_s': 649.3, 'lb_loss': 0.053592, 'tau': 1.55}
{'step': 350, 'train_loss': 1.98543, 'lr': 0.000289, 'elapsed_s': 751.9, 'lb_loss': 0.046443, 'tau': 1.475}
{'step': 400, 'train_loss': 2.02155, 'lr': 0.000284, 'elapsed_s': 855.8, 'lb_loss': 0.04741, 'tau': 1.4}
{'step': 450, 'train_loss': 1.98457, 'lr': 0.000278, 'elapsed_s': 959.5, 'lb_loss': 0.043826, 'tau': 1.325}
{'step': 500, 'train_loss': 1.80208, 'lr': 0.000272, 'elapsed_s': 1061.6, 'lb_loss': 0.043483, 'tau': 1.25}
{'step': 500, 'val_loss': 1.95197, 'val_bpc': 2.81609}
{'step': 550, 'train_loss': 1.84229, 'lr': 0.000264, 'elapsed_s': 1170.4, 'lb_loss': 0.044552, 'tau': 1.175}
{'step': 600, 'train_loss': 1.72407, 'lr': 0.000256, 'elapsed_s': 1272.9, 'lb_loss': 0.056972, 'tau': 1.1}
{'step': 650, 'train_loss': 1.70036, 'lr': 0.000248, 'elapsed_s': 1377.2, 'lb_loss': 0.040811, 'tau': 1.025}
{'step': 700, 'train_loss': 1.63272, 'lr': 0.000239, 'elapsed_s': 1481.1, 'lb_loss': 0.041715, 'tau': 0.95}
{'step': 750, 'train_loss': 1.70833, 'lr': 0.000229, 'elapsed_s': 1584.4, 'lb_loss': 0.038942, 'tau': 0.875}
{'step': 750, 'val_loss': 1.81285, 'val_bpc': 2.61538}
{'step': 800, 'train_loss': 1.56996, 'lr': 0.000219, 'elapsed_s': 1693.6, 'lb_loss': 0.037852, 'tau': 0.8}
{'step': 850, 'train_loss': 1.6292, 'lr': 0.000209, 'elapsed_s': 1796.0, 'lb_loss': 0.043154, 'tau': 0.725}
{'step': 900, 'train_loss': 1.54348, 'lr': 0.000198, 'elapsed_s': 1898.9, 'lb_loss': 0.03933, 'tau': 0.65}
{'step': 950, 'train_loss': 1.61962, 'lr': 0.000187, 'elapsed_s': 2001.5, 'lb_loss': 0.035012, 'tau': 0.575}
{'step': 1000, 'train_loss': 1.39716, 'lr': 0.000176, 'elapsed_s': 2105.0, 'lb_loss': 0.031463, 'tau': 0.5}
{'step': 1000, 'val_loss': 1.70557, 'val_bpc': 2.46062}
{'step': 1050, 'train_loss': 1.55935, 'lr': 0.000165, 'elapsed_s': 2214.2, 'lb_loss': 0.031919, 'tau': 0.5}
{'step': 1100, 'train_loss': 1.45251, 'lr': 0.000154, 'elapsed_s': 2316.8, 'lb_loss': 0.031742, 'tau': 0.5}
{'step': 1150, 'train_loss': 1.52871, 'lr': 0.000143, 'elapsed_s': 2420.1, 'lb_loss': 0.033581, 'tau': 0.5}
{'step': 1200, 'train_loss': 1.47954, 'lr': 0.000132, 'elapsed_s': 2522.5, 'lb_loss': 0.028707, 'tau': 0.5}
{'step': 1250, 'train_loss': 1.50199, 'lr': 0.000121, 'elapsed_s': 2624.9, 'lb_loss': 0.026712, 'tau': 0.5}
{'step': 1250, 'val_loss': 1.65372, 'val_bpc': 2.38581}
{'step': 1300, 'train_loss': 1.38576, 'lr': 0.000111, 'elapsed_s': 2734.8, 'lb_loss': 0.030385, 'tau': 0.5}
{'step': 1350, 'train_loss': 1.465, 'lr': 0.000101, 'elapsed_s': 2843.1, 'lb_loss': 0.03449, 'tau': 0.5}
{'step': 1400, 'train_loss': 1.47507, 'lr': 9.1e-05, 'elapsed_s': 2978.7, 'lb_loss': 0.036581, 'tau': 0.5}
{'step': 1450, 'train_loss': 1.60863, 'lr': 8.2e-05, 'elapsed_s': 3106.6, 'lb_loss': 0.033945, 'tau': 0.5}
{'step': 1500, 'train_loss': 1.38676, 'lr': 7.4e-05, 'elapsed_s': 3226.5, 'lb_loss': 0.037225, 'tau': 0.5}
{'step': 1500, 'val_loss': 1.61189, 'val_bpc': 2.32546}
{'step': 1550, 'train_loss': 1.36803, 'lr': 6.6e-05, 'elapsed_s': 3368.8, 'lb_loss': 0.032273, 'tau': 0.5}
{'step': 1600, 'train_loss': 1.40025, 'lr': 5.8e-05, 'elapsed_s': 3515.1, 'lb_loss': 0.029903, 'tau': 0.5}
{'step': 1650, 'train_loss': 1.44897, 'lr': 5.2e-05, 'elapsed_s': 3634.5, 'lb_loss': 0.040145, 'tau': 0.5}
{'step': 1700, 'train_loss': 1.37335, 'lr': 4.6e-05, 'elapsed_s': 3757.6, 'lb_loss': 0.033297, 'tau': 0.5}
{'step': 1750, 'train_loss': 1.39029, 'lr': 4.1e-05, 'elapsed_s': 3877.7, 'lb_loss': 0.037371, 'tau': 0.5}
{'step': 1750, 'val_loss': 1.5753, 'val_bpc': 2.27268}
{'step': 1800, 'train_loss': 1.4239, 'lr': 3.7e-05, 'elapsed_s': 4005.0, 'lb_loss': 0.032117, 'tau': 0.5}
{'step': 1850, 'train_loss': 1.41083, 'lr': 3.4e-05, 'elapsed_s': 4126.4, 'lb_loss': 0.04174, 'tau': 0.5}
{'step': 1900, 'train_loss': 1.29022, 'lr': 3.2e-05, 'elapsed_s': 4245.8, 'lb_loss': 0.0355, 'tau': 0.5}
{'step': 1950, 'train_loss': 1.38849, 'lr': 3e-05, 'elapsed_s': 4370.7, 'lb_loss': 0.032497, 'tau': 0.5}
{'step': 1999, 'val_loss': 1.5698, 'val_bpc': 2.26474}
{"summary": {"final_val_loss": 1.5698, "final_val_bpc": 2.26474, "wall_clock_s": 4498.0, "run": "M1-smoke-p3"}}
=== M1-smoke-p3 DONE  2026-06-12 13:22:18
=== M1-smoke-p2 START 2026-06-12 13:22:18
{
  "meta": {
    "run": "M1-smoke-p2",
    "arch": "ssra",
    "pool": "p2",
    "params": 4632832,
    "vocab": 65,
    "corpus_url": "https://raw.githubusercontent.com/karpathy/char-rnn/master/data/tinyshakespeare/input.txt",
    "corpus_bytes": 1115394,
    "train_tokens": 1003855,
    "val_tokens": 111539,
    "dtype": "float32",
    "torch": "2.12.0",
    "commit": "f06263f",
    "config": "experiments/M1-smoke-p2.yaml",
    "steps": 2000,
    "batch_size": 4,
    "seq_len": 512,
    "lr": 0.0003,
    "warmup_steps": 100,
    "weight_decay": 0.01,
    "seed": 1337,
    "device": "mps",
    "val_every": 250,
    "val_batches": 8,
    "log_every": 50
  }
}
{'step': 0, 'train_loss': 4.13881, 'lr': 3e-06, 'elapsed_s': 2.6}
{'step': 0, 'val_loss': 4.10467, 'val_bpc': 5.92179}
{'step': 50, 'train_loss': 3.06487, 'lr': 0.000153, 'elapsed_s': 150.2}
{'step': 100, 'train_loss': 2.59579, 'lr': 0.0003, 'elapsed_s': 277.6}
{'step': 150, 'train_loss': 2.39104, 'lr': 0.0003, 'elapsed_s': 412.3}
{'step': 200, 'train_loss': 2.25862, 'lr': 0.000298, 'elapsed_s': 532.7}
{'step': 250, 'train_loss': 2.1408, 'lr': 0.000296, 'elapsed_s': 649.1}
{'step': 250, 'val_loss': 2.19117, 'val_bpc': 3.16119}
{'step': 300, 'train_loss': 2.01024, 'lr': 0.000293, 'elapsed_s': 767.9}
{'step': 350, 'train_loss': 1.89856, 'lr': 0.000289, 'elapsed_s': 880.5}
{'step': 400, 'train_loss': 1.96252, 'lr': 0.000284, 'elapsed_s': 996.4}
{'step': 450, 'train_loss': 1.94453, 'lr': 0.000278, 'elapsed_s': 1111.7}
{'step': 500, 'train_loss': 1.77703, 'lr': 0.000272, 'elapsed_s': 1227.5}
{'step': 500, 'val_loss': 1.9165, 'val_bpc': 2.76493}
{'step': 550, 'train_loss': 1.79627, 'lr': 0.000264, 'elapsed_s': 1354.9}
{'step': 600, 'train_loss': 1.66219, 'lr': 0.000256, 'elapsed_s': 1476.3}
{'step': 650, 'train_loss': 1.66751, 'lr': 0.000248, 'elapsed_s': 1595.1}
{'step': 700, 'train_loss': 1.60168, 'lr': 0.000239, 'elapsed_s': 1716.8}
{'step': 750, 'train_loss': 1.66414, 'lr': 0.000229, 'elapsed_s': 1834.9}
{'step': 750, 'val_loss': 1.79734, 'val_bpc': 2.59302}
{'step': 800, 'train_loss': 1.55557, 'lr': 0.000219, 'elapsed_s': 1959.9}
{'step': 850, 'train_loss': 1.59788, 'lr': 0.000209, 'elapsed_s': 2071.4}
{'step': 900, 'train_loss': 1.53356, 'lr': 0.000198, 'elapsed_s': 2183.3}
{'step': 950, 'train_loss': 1.6017, 'lr': 0.000187, 'elapsed_s': 2298.1}
{'step': 1000, 'train_loss': 1.37466, 'lr': 0.000176, 'elapsed_s': 2413.0}
{'step': 1000, 'val_loss': 1.70303, 'val_bpc': 2.45695}
{'step': 1050, 'train_loss': 1.52572, 'lr': 0.000165, 'elapsed_s': 2531.6}
{'step': 1100, 'train_loss': 1.4417, 'lr': 0.000154, 'elapsed_s': 2644.0}
{'step': 1150, 'train_loss': 1.52833, 'lr': 0.000143, 'elapsed_s': 2757.8}
{'step': 1200, 'train_loss': 1.46818, 'lr': 0.000132, 'elapsed_s': 2877.9}
{'step': 1250, 'train_loss': 1.46215, 'lr': 0.000121, 'elapsed_s': 2990.4}
{'step': 1250, 'val_loss': 1.64509, 'val_bpc': 2.37337}
{'step': 1300, 'train_loss': 1.35956, 'lr': 0.000111, 'elapsed_s': 3109.9}
{'step': 1350, 'train_loss': 1.45272, 'lr': 0.000101, 'elapsed_s': 3211.7}
{'step': 1400, 'train_loss': 1.44288, 'lr': 9.1e-05, 'elapsed_s': 3313.1}
{'step': 1450, 'train_loss': 1.59053, 'lr': 8.2e-05, 'elapsed_s': 3414.4}
{'step': 1500, 'train_loss': 1.37857, 'lr': 7.4e-05, 'elapsed_s': 3516.9}
{'step': 1500, 'val_loss': 1.59819, 'val_bpc': 2.3057}
{'step': 1550, 'train_loss': 1.35934, 'lr': 6.6e-05, 'elapsed_s': 3624.1}
{'step': 1600, 'train_loss': 1.37755, 'lr': 5.8e-05, 'elapsed_s': 3726.3}
{'step': 1650, 'train_loss': 1.4485, 'lr': 5.2e-05, 'elapsed_s': 3826.4}
{'step': 1700, 'train_loss': 1.3508, 'lr': 4.6e-05, 'elapsed_s': 3926.5}
{'step': 1750, 'train_loss': 1.3618, 'lr': 4.1e-05, 'elapsed_s': 4028.4}
{'step': 1750, 'val_loss': 1.56273, 'val_bpc': 2.25454}
{'step': 1800, 'train_loss': 1.41117, 'lr': 3.7e-05, 'elapsed_s': 4135.6}
{'step': 1850, 'train_loss': 1.39595, 'lr': 3.4e-05, 'elapsed_s': 4235.4}
{'step': 1900, 'train_loss': 1.27227, 'lr': 3.2e-05, 'elapsed_s': 4335.4}
{'step': 1950, 'train_loss': 1.35147, 'lr': 3e-05, 'elapsed_s': 4434.9}
{'step': 1999, 'val_loss': 1.56045, 'val_bpc': 2.25126}
{"summary": {"final_val_loss": 1.56045, "final_val_bpc": 2.25126, "wall_clock_s": 4538.9, "run": "M1-smoke-p2"}}
=== M1-smoke-p2 DONE  2026-06-12 14:37:59
=== M1-smoke-flat START 2026-06-12 14:37:59
{
  "meta": {
    "run": "M1-smoke-flat",
    "arch": "flat",
    "pool": "p1",
    "params": 3960832,
    "vocab": 65,
    "corpus_url": "https://raw.githubusercontent.com/karpathy/char-rnn/master/data/tinyshakespeare/input.txt",
    "corpus_bytes": 1115394,
    "train_tokens": 1003855,
    "val_tokens": 111539,
    "dtype": "float32",
    "torch": "2.12.0",
    "commit": "f06263f",
    "config": "experiments/M1-smoke-flat.yaml",
    "steps": 2000,
    "batch_size": 4,
    "seq_len": 512,
    "lr": 0.0003,
    "warmup_steps": 100,
    "weight_decay": 0.01,
    "seed": 1337,
    "device": "mps",
    "val_every": 250,
    "val_batches": 8,
    "log_every": 50
  }
}
{'step': 0, 'train_loss': 4.1588, 'lr': 3e-06, 'elapsed_s': 0.9}
{'step': 0, 'val_loss': 4.14919, 'val_bpc': 5.98601}
{'step': 50, 'train_loss': 3.17929, 'lr': 0.000153, 'elapsed_s': 10.0}
{'step': 100, 'train_loss': 2.63918, 'lr': 0.0003, 'elapsed_s': 18.6}
{'step': 150, 'train_loss': 2.4543, 'lr': 0.0003, 'elapsed_s': 27.3}
{'step': 200, 'train_loss': 2.33132, 'lr': 0.000298, 'elapsed_s': 36.1}
{'step': 250, 'train_loss': 2.21272, 'lr': 0.000296, 'elapsed_s': 44.9}
{'step': 250, 'val_loss': 2.2659, 'val_bpc': 3.26901}
{'step': 300, 'train_loss': 2.06697, 'lr': 0.000293, 'elapsed_s': 54.3}
{'step': 350, 'train_loss': 1.96976, 'lr': 0.000289, 'elapsed_s': 63.2}
{'step': 400, 'train_loss': 2.01809, 'lr': 0.000284, 'elapsed_s': 72.2}
{'step': 450, 'train_loss': 1.99242, 'lr': 0.000278, 'elapsed_s': 81.2}
{'step': 500, 'train_loss': 1.79208, 'lr': 0.000272, 'elapsed_s': 90.3}
{'step': 500, 'val_loss': 1.94382, 'val_bpc': 2.80434}
{'step': 550, 'train_loss': 1.83463, 'lr': 0.000264, 'elapsed_s': 100.1}
{'step': 600, 'train_loss': 1.73452, 'lr': 0.000256, 'elapsed_s': 109.3}
{'step': 650, 'train_loss': 1.69777, 'lr': 0.000248, 'elapsed_s': 118.5}
{'step': 700, 'train_loss': 1.64732, 'lr': 0.000239, 'elapsed_s': 127.7}
{'step': 750, 'train_loss': 1.71745, 'lr': 0.000229, 'elapsed_s': 136.9}
{'step': 750, 'val_loss': 1.83134, 'val_bpc': 2.64207}
{'step': 800, 'train_loss': 1.59958, 'lr': 0.000219, 'elapsed_s': 146.5}
{'step': 850, 'train_loss': 1.65472, 'lr': 0.000209, 'elapsed_s': 155.7}
{'step': 900, 'train_loss': 1.56068, 'lr': 0.000198, 'elapsed_s': 164.9}
{'step': 950, 'train_loss': 1.62147, 'lr': 0.000187, 'elapsed_s': 174.1}
{'step': 1000, 'train_loss': 1.41486, 'lr': 0.000176, 'elapsed_s': 183.2}
{'step': 1000, 'val_loss': 1.73106, 'val_bpc': 2.49739}
{'step': 1050, 'train_loss': 1.57094, 'lr': 0.000165, 'elapsed_s': 192.8}
{'step': 1100, 'train_loss': 1.49189, 'lr': 0.000154, 'elapsed_s': 202.0}
{'step': 1150, 'train_loss': 1.57181, 'lr': 0.000143, 'elapsed_s': 211.1}
{'step': 1200, 'train_loss': 1.51279, 'lr': 0.000132, 'elapsed_s': 220.2}
{'step': 1250, 'train_loss': 1.50427, 'lr': 0.000121, 'elapsed_s': 229.4}
{'step': 1250, 'val_loss': 1.67614, 'val_bpc': 2.41816}
{'step': 1300, 'train_loss': 1.41523, 'lr': 0.000111, 'elapsed_s': 239.0}
{'step': 1350, 'train_loss': 1.47732, 'lr': 0.000101, 'elapsed_s': 248.1}
{'step': 1400, 'train_loss': 1.49147, 'lr': 9.1e-05, 'elapsed_s': 257.3}
{'step': 1450, 'train_loss': 1.61163, 'lr': 8.2e-05, 'elapsed_s': 266.4}
{'step': 1500, 'train_loss': 1.42257, 'lr': 7.4e-05, 'elapsed_s': 275.5}
{'step': 1500, 'val_loss': 1.62561, 'val_bpc': 2.34527}
{'step': 1550, 'train_loss': 1.38283, 'lr': 6.6e-05, 'elapsed_s': 285.1}
{'step': 1600, 'train_loss': 1.40159, 'lr': 5.8e-05, 'elapsed_s': 294.3}
{'step': 1650, 'train_loss': 1.47702, 'lr': 5.2e-05, 'elapsed_s': 303.4}
{'step': 1700, 'train_loss': 1.39587, 'lr': 4.6e-05, 'elapsed_s': 312.5}
{'step': 1750, 'train_loss': 1.40414, 'lr': 4.1e-05, 'elapsed_s': 321.6}
{'step': 1750, 'val_loss': 1.58889, 'val_bpc': 2.29229}
{'step': 1800, 'train_loss': 1.4529, 'lr': 3.7e-05, 'elapsed_s': 331.4}
{'step': 1850, 'train_loss': 1.44037, 'lr': 3.4e-05, 'elapsed_s': 340.5}
{'step': 1900, 'train_loss': 1.31131, 'lr': 3.2e-05, 'elapsed_s': 349.7}
{'step': 1950, 'train_loss': 1.41961, 'lr': 3e-05, 'elapsed_s': 358.8}
{'step': 1999, 'val_loss': 1.5788, 'val_bpc': 2.27772}
{"summary": {"final_val_loss": 1.5788, "final_val_bpc": 2.27772, "wall_clock_s": 368.3, "run": "M1-smoke-flat"}}
=== M1-smoke-flat DONE  2026-06-12 14:44:09
=== M1-smoke-megabyte START 2026-06-12 14:44:09
{
  "meta": {
    "run": "M1-smoke-megabyte",
    "arch": "megabyte",
    "pool": "p1",
    "params": 4391968,
    "vocab": 65,
    "corpus_url": "https://raw.githubusercontent.com/karpathy/char-rnn/master/data/tinyshakespeare/input.txt",
    "corpus_bytes": 1115394,
    "train_tokens": 1003855,
    "val_tokens": 111539,
    "dtype": "float32",
    "torch": "2.12.0",
    "commit": "f06263f",
    "config": "experiments/M1-smoke-megabyte.yaml",
    "steps": 2000,
    "batch_size": 4,
    "seq_len": 512,
    "lr": 0.0003,
    "warmup_steps": 100,
    "weight_decay": 0.01,
    "seed": 1337,
    "device": "mps",
    "val_every": 250,
    "val_batches": 8,
    "log_every": 50
  }
}
{'step': 0, 'train_loss': 4.24015, 'lr': 3e-06, 'elapsed_s': 0.8}
{'step': 0, 'val_loss': 4.12351, 'val_bpc': 5.94897}
{'step': 50, 'train_loss': 3.42169, 'lr': 0.000153, 'elapsed_s': 3.8}
{'step': 100, 'train_loss': 3.33139, 'lr': 0.0003, 'elapsed_s': 6.3}
{'step': 150, 'train_loss': 3.22782, 'lr': 0.0003, 'elapsed_s': 9.1}
{'step': 200, 'train_loss': 2.91545, 'lr': 0.000298, 'elapsed_s': 12.0}
{'step': 250, 'train_loss': 2.67084, 'lr': 0.000296, 'elapsed_s': 14.9}
{'step': 250, 'val_loss': 2.7253, 'val_bpc': 3.93177}
{'step': 300, 'train_loss': 2.55006, 'lr': 0.000293, 'elapsed_s': 17.8}
{'step': 350, 'train_loss': 2.45615, 'lr': 0.000289, 'elapsed_s': 20.5}
{'step': 400, 'train_loss': 2.49771, 'lr': 0.000284, 'elapsed_s': 23.3}
{'step': 450, 'train_loss': 2.47105, 'lr': 0.000278, 'elapsed_s': 26.1}
{'step': 500, 'train_loss': 2.27632, 'lr': 0.000272, 'elapsed_s': 28.9}
{'step': 500, 'val_loss': 2.39251, 'val_bpc': 3.45166}
{'step': 550, 'train_loss': 2.36574, 'lr': 0.000264, 'elapsed_s': 31.8}
{'step': 600, 'train_loss': 2.25791, 'lr': 0.000256, 'elapsed_s': 34.5}
{'step': 650, 'train_loss': 2.31843, 'lr': 0.000248, 'elapsed_s': 37.3}
{'step': 700, 'train_loss': 2.26697, 'lr': 0.000239, 'elapsed_s': 40.1}
{'step': 750, 'train_loss': 2.25025, 'lr': 0.000229, 'elapsed_s': 42.8}
{'step': 750, 'val_loss': 2.23562, 'val_bpc': 3.22532}
{'step': 800, 'train_loss': 2.2086, 'lr': 0.000219, 'elapsed_s': 45.7}
{'step': 850, 'train_loss': 2.20209, 'lr': 0.000209, 'elapsed_s': 48.5}
{'step': 900, 'train_loss': 2.16966, 'lr': 0.000198, 'elapsed_s': 51.2}
{'step': 950, 'train_loss': 2.18798, 'lr': 0.000187, 'elapsed_s': 54.0}
{'step': 1000, 'train_loss': 1.97385, 'lr': 0.000176, 'elapsed_s': 56.7}
{'step': 1000, 'val_loss': 2.15343, 'val_bpc': 3.10675}
{'step': 1050, 'train_loss': 2.12316, 'lr': 0.000165, 'elapsed_s': 59.6}
{'step': 1100, 'train_loss': 2.04125, 'lr': 0.000154, 'elapsed_s': 62.3}
{'step': 1150, 'train_loss': 2.02553, 'lr': 0.000143, 'elapsed_s': 65.0}
{'step': 1200, 'train_loss': 2.079, 'lr': 0.000132, 'elapsed_s': 67.8}
{'step': 1250, 'train_loss': 2.03607, 'lr': 0.000121, 'elapsed_s': 70.5}
{'step': 1250, 'val_loss': 2.10067, 'val_bpc': 3.03063}
{'step': 1300, 'train_loss': 2.02782, 'lr': 0.000111, 'elapsed_s': 73.4}
{'step': 1350, 'train_loss': 2.02512, 'lr': 0.000101, 'elapsed_s': 76.1}
{'step': 1400, 'train_loss': 2.05065, 'lr': 9.1e-05, 'elapsed_s': 78.9}
{'step': 1450, 'train_loss': 2.05461, 'lr': 8.2e-05, 'elapsed_s': 81.6}
{'step': 1500, 'train_loss': 2.02589, 'lr': 7.4e-05, 'elapsed_s': 84.3}
{'step': 1500, 'val_loss': 2.05488, 'val_bpc': 2.96457}
{'step': 1550, 'train_loss': 2.0071, 'lr': 6.6e-05, 'elapsed_s': 87.2}
{'step': 1600, 'train_loss': 1.98827, 'lr': 5.8e-05, 'elapsed_s': 89.9}
{'step': 1650, 'train_loss': 2.03034, 'lr': 5.2e-05, 'elapsed_s': 92.6}
{'step': 1700, 'train_loss': 1.95818, 'lr': 4.6e-05, 'elapsed_s': 95.4}
{'step': 1750, 'train_loss': 2.0314, 'lr': 4.1e-05, 'elapsed_s': 98.1}
{'step': 1750, 'val_loss': 2.02153, 'val_bpc': 2.91646}
{'step': 1800, 'train_loss': 1.99699, 'lr': 3.7e-05, 'elapsed_s': 100.9}
{'step': 1850, 'train_loss': 2.00845, 'lr': 3.4e-05, 'elapsed_s': 103.6}
{'step': 1900, 'train_loss': 1.88028, 'lr': 3.2e-05, 'elapsed_s': 106.4}
{'step': 1950, 'train_loss': 1.98065, 'lr': 3e-05, 'elapsed_s': 109.1}
{'step': 1999, 'val_loss': 2.00817, 'val_bpc': 2.89717}
{"summary": {"final_val_loss": 2.00817, "final_val_bpc": 2.89717, "wall_clock_s": 111.8, "run": "M1-smoke-megabyte"}}
=== M1-smoke-megabyte DONE  2026-06-12 14:46:02
=== CHAIN COMPLETE 2026-06-12 14:46:02
