platform: macOS-26.5.1-arm64-arm-64bit
torch 2.12.0 | device mps | dtype fp32 | B=1, warmup 2, iters 5 (median)
  candidate {'d': 256, 'h': 8, 'n_layers': 4} rejected at N=8192: ssra sampled peak 17.2 GiB > 11.2 GiB (would swap)
  candidate {'d': 256, 'h': 8, 'n_layers': 2} rejected at N=8192: flat sampled peak 18.7 GiB > 11.2 GiB (would swap)
  candidate {'d': 192, 'h': 8, 'n_layers': 2} rejected at N=8192: flat sampled peak 17.9 GiB > 11.2 GiB (would swap)
AP-6 size selection: {'d': 128, 'h': 4, 'n_layers': 2} (largest candidate fitting both at 8k)

params: ssra 437,504 | flat 428,544
N=  1024 ssra      313.0 ms  peak   2179.2 MiB
N=  1024 flat       22.3 ms  peak   2147.2 MiB
N=  2048 ssra      565.8 ms  peak   1269.9 MiB
N=  2048 flat       68.3 ms  peak   1181.9 MiB
N=  4096 ssra      891.0 ms  peak   3382.5 MiB
N=  4096 flat      242.6 ms  peak   2402.5 MiB
N=  8192 ssra     2890.1 ms  peak   5674.5 MiB
N=  8192 flat     1439.1 ms  peak   6218.5 MiB
N= 16384 ssra    20644.7 ms  peak  11795.3 MiB  [swap-bound, excluded from slope]
N= 16384 flat  OOM/err: MPS backend out of memory (MPS allocated: 16.38 GiB, other allocations: 4.01 GiB, max allowed: 20.13 GiB). Tried to allo

log-log slope over N 1024..8192: SSRA 1.028 | flat 1.986
G1a criterion (slope <= 1.5 and < flat): PASS (gate decision: Daniel)
wrote results/M1-throughput.json and results/M1-throughput.png
