{
  "meta": {
    "run": "M2-cal-s2-ssra-b32",
    "arch": "ssra",
    "pool": "p1",
    "params": 84647040,
    "vocab": 16384,
    "data": {
      "train_bin": "data/phase0/train.bin",
      "val_bin": "data/phase0/val.bin",
      "vocab": 16384
    },
    "train_tokens": 6526278,
    "val_tokens": 334393,
    "torch": "2.12.0+cu126",
    "commit": "accdb1b",
    "config": "experiments/M2-cal-s2-ssra-b32.yaml",
    "resumed_from": null,
    "steps": 120,
    "batch_size": 32,
    "seq_len": 1024,
    "lr": 0.0003,
    "warmup_steps": 20,
    "weight_decay": 0.01,
    "lr_min_frac": 0.1,
    "seed": 1337,
    "device": "cuda",
    "precision": "bf16",
    "val_every": 10000,
    "val_batches": 4,
    "log_every": 10,
    "ckpt_dir": "checkpoints/M2-cal-s2-ssra-b32",
    "ckpt_every": 0
  }
}
Traceback (most recent call last):
  File "/workspace/ssra/scripts/train.py", line 297, in <module>
    main(args.config, args.resume)
  File "/workspace/ssra/scripts/train.py", line 229, in main
    logits, aux = model(x, collect_diagnostics=diag)
                  ^^^^^^^^^^^^^^^^^^^^^^^^^^^^^^^^^^
  File "/usr/local/lib/python3.11/dist-packages/torch/nn/modules/module.py", line 1778, in _wrapped_call_impl
    return self._call_impl(*args, **kwargs)
           ^^^^^^^^^^^^^^^^^^^^^^^^^^^^^^^^
  File "/usr/local/lib/python3.11/dist-packages/torch/nn/modules/module.py", line 1789, in _call_impl
    return forward_call(*args, **kwargs)
           ^^^^^^^^^^^^^^^^^^^^^^^^^^^^^
  File "/workspace/ssra/src/ssra/model.py", line 185, in forward
    x = layer(x, aux, cache)
        ^^^^^^^^^^^^^^^^^^^^
  File "/usr/local/lib/python3.11/dist-packages/torch/nn/modules/module.py", line 1778, in _wrapped_call_impl
    return self._call_impl(*args, **kwargs)
           ^^^^^^^^^^^^^^^^^^^^^^^^^^^^^^^^
  File "/usr/local/lib/python3.11/dist-packages/torch/nn/modules/module.py", line 1789, in _call_impl
    return forward_call(*args, **kwargs)
           ^^^^^^^^^^^^^^^^^^^^^^^^^^^^^
  File "/workspace/ssra/src/ssra/model.py", line 134, in forward
    x = x + self.drop(self.readout(z, levels, cache))
                      ^^^^^^^^^^^^^^^^^^^^^^^^^^^^^^
  File "/workspace/ssra/src/ssra/model.py", line 113, in readout
    k_g = k_sum[:, :, idx]  # [B,h,N,k_max,dh]
          ~~~~~^^^^^^^^^^^
torch.OutOfMemoryError: CUDA out of memory. Tried to allocate 3.71 GiB. GPU 0 has a total capacity of 79.14 GiB of which 2.67 GiB is free. Process 1554309 has 76.46 GiB memory in use. Of the allocated memory 75.93 GiB is allocated by PyTorch, and 26.69 MiB is reserved by PyTorch but unallocated. If reserved but unallocated memory is large try setting PYTORCH_CUDA_ALLOC_CONF=expandable_segments:True to avoid fragmentation.  See documentation for Memory Management  (https://docs.pytorch.org/docs/stable/notes/cuda.html#optimizing-memory-usage-with-pytorch-cuda-alloc-conf)
