{
  "meta": {
    "run": "M2-cal-s1-ssra-b16",
    "arch": "ssra",
    "pool": "p1",
    "params": 24159744,
    "vocab": 16384,
    "data": {
      "train_bin": "data/phase0/train.bin",
      "val_bin": "data/phase0/val.bin",
      "vocab": 16384
    },
    "train_tokens": 6526278,
    "val_tokens": 334393,
    "torch": "2.12.0+cu126",
    "commit": "accdb1b",
    "config": "experiments/M2-cal-s1-ssra-b16.yaml",
    "resumed_from": null,
    "steps": 120,
    "batch_size": 16,
    "seq_len": 1024,
    "lr": 0.0003,
    "warmup_steps": 20,
    "weight_decay": 0.01,
    "lr_min_frac": 0.1,
    "seed": 1337,
    "device": "cuda",
    "precision": "bf16",
    "val_every": 10000,
    "val_batches": 4,
    "log_every": 10,
    "ckpt_dir": "checkpoints/M2-cal-s1-ssra-b16",
    "ckpt_every": 0
  }
}
{'step': 0, 'train_loss': 9.74873, 'lr': 1.5e-05, 'elapsed_s': 3.2, 'peak_vram_gib': 54.481, 'p1_attn_entropy': 3.4657, 'p1_participation_min': 0.0573, 'p1_participation_max': 0.068}
{'step': 0, 'val_loss': 9.69625, 'val_bpc': 13.98873}
{'step': 10, 'train_loss': 8.9927, 'lr': 0.000165, 'elapsed_s': 21.6, 'tok_per_s': 9110.2, 'peak_vram_gib': 54.673, 'p1_attn_entropy': 3.4657, 'p1_participation_min': 0.0591, 'p1_participation_max': 0.0671}
{'step': 20, 'train_loss': 8.36478, 'lr': 0.0003, 'elapsed_s': 38.8, 'tok_per_s': 9469.8, 'peak_vram_gib': 54.673, 'p1_attn_entropy': 3.4657, 'p1_participation_min': 0.0563, 'p1_participation_max': 0.0691}
{'step': 30, 'train_loss': 7.7421, 'lr': 0.000293, 'elapsed_s': 56.1, 'tok_per_s': 9480.1, 'peak_vram_gib': 54.673, 'p1_attn_entropy': 3.4657, 'p1_participation_min': 0.0562, 'p1_participation_max': 0.0689}
{'step': 40, 'train_loss': 7.5326, 'lr': 0.000274, 'elapsed_s': 73.4, 'tok_per_s': 9474.7, 'peak_vram_gib': 54.673, 'p1_attn_entropy': 3.4657, 'p1_participation_min': 0.0564, 'p1_participation_max': 0.0697}
{'step': 50, 'train_loss': 7.50292, 'lr': 0.000244, 'elapsed_s': 90.8, 'tok_per_s': 9466.9, 'peak_vram_gib': 54.673, 'p1_attn_entropy': 3.4657, 'p1_participation_min': 0.0567, 'p1_participation_max': 0.071}
{'step': 60, 'train_loss': 7.35087, 'lr': 0.000207, 'elapsed_s': 108.2, 'tok_per_s': 9459.1, 'peak_vram_gib': 54.673, 'p1_attn_entropy': 3.4657, 'p1_participation_min': 0.0571, 'p1_participation_max': 0.0728}
{'step': 70, 'train_loss': 7.41796, 'lr': 0.000165, 'elapsed_s': 125.5, 'tok_per_s': 9456.1, 'peak_vram_gib': 54.673, 'p1_attn_entropy': 3.4657, 'p1_participation_min': 0.0578, 'p1_participation_max': 0.0722}
{'step': 80, 'train_loss': 7.33734, 'lr': 0.000123, 'elapsed_s': 142.8, 'tok_per_s': 9457.4, 'peak_vram_gib': 54.673, 'p1_attn_entropy': 3.4657, 'p1_participation_min': 0.0579, 'p1_participation_max': 0.0719}
{'step': 90, 'train_loss': 7.35967, 'lr': 8.6e-05, 'elapsed_s': 160.2, 'tok_per_s': 9453.0, 'peak_vram_gib': 54.673, 'p1_attn_entropy': 3.4657, 'p1_participation_min': 0.057, 'p1_participation_max': 0.0717}
{'step': 100, 'train_loss': 7.3202, 'lr': 5.6e-05, 'elapsed_s': 177.5, 'tok_per_s': 9453.3, 'peak_vram_gib': 54.673, 'p1_attn_entropy': 3.4657, 'p1_participation_min': 0.0566, 'p1_participation_max': 0.0718}
{'step': 110, 'train_loss': 7.23545, 'lr': 3.7e-05, 'elapsed_s': 194.9, 'tok_per_s': 9453.3, 'peak_vram_gib': 54.673, 'p1_attn_entropy': 3.4657, 'p1_participation_min': 0.0572, 'p1_participation_max': 0.0719}
{'step': 119, 'val_loss': 7.24613, 'val_bpc': 10.45396}
{"summary": {"final_val_loss": 7.24613, "final_val_bpc": 10.45396, "wall_clock_s": 211.6, "run": "M2-cal-s1-ssra-b16", "tok_per_s": 9456.6, "meas_steps": 110, "tokens_per_step": 16384, "peak_vram_gib": 54.673}}
