{"meta": {"run": "M2-cal-s1-ssra-b32", "arch": "ssra", "pool": "p1", "params": 24159744, "vocab": 16384, "data": {"train_bin": "data/phase0/train.bin", "val_bin": "data/phase0/val.bin", "vocab": 16384}, "train_tokens": 6526278, "val_tokens": 334393, "torch": "2.12.0+cu126", "commit": "4abf3b4", "config": "experiments/M2-cal-s1-ssra-b32.yaml", "resumed_from": null, "steps": 200, "batch_size": 32, "seq_len": 1024, "lr": 0.0003, "warmup_steps": 20, "weight_decay": 0.01, "lr_min_frac": 0.1, "seed": 1337, "device": "cuda", "precision": "bf16", "val_every": 10000, "val_batches": 4, "log_every": 10, "ckpt_dir": "checkpoints/M2-cal-s1-ssra-b32", "ckpt_every": 50, "gcs_ckpt_dir": "gs://ssra-poc-ew3/m2/calibration/ckpt/M2-cal-s1-ssra-b32"}}
{"step": 0, "train_loss": 9.76088, "lr": 1.5e-05, "elapsed_s": 2.2, "peak_vram_gib": 36.396, "p1_attn_entropy": 3.4657, "p1_participation_min": 0.0582, "p1_participation_max": 0.0682}
{"step": 0, "val_loss": 9.68836, "val_bpc": 13.97735}
{"step": 10, "train_loss": 9.00543, "lr": 0.000165, "elapsed_s": 13.9, "tok_per_s": 30034.4, "peak_vram_gib": 36.584, "p1_attn_entropy": 3.4657, "p1_participation_min": 0.0593, "p1_participation_max": 0.0672}
{"step": 20, "train_loss": 8.31099, "lr": 0.0003, "elapsed_s": 24.3, "tok_per_s": 31598.4, "peak_vram_gib": 36.584, "p1_attn_entropy": 3.4657, "p1_participation_min": 0.0572, "p1_participation_max": 0.0685}
{"step": 30, "train_loss": 7.75189, "lr": 0.000298, "elapsed_s": 34.6, "tok_per_s": 31674.2, "peak_vram_gib": 36.584, "p1_attn_entropy": 3.4657, "p1_participation_min": 0.0557, "p1_participation_max": 0.0683}
{"step": 40, "train_loss": 7.50683, "lr": 0.000292, "elapsed_s": 45.0, "tok_per_s": 31699.3, "peak_vram_gib": 36.584, "p1_attn_entropy": 3.4657, "p1_participation_min": 0.0567, "p1_participation_max": 0.0714}
{"step": 50, "train_loss": 7.48784, "lr": 0.000282, "elapsed_s": 65.4, "tok_per_s": 31733.2, "peak_vram_gib": 36.584, "p1_attn_entropy": 3.4657, "p1_participation_min": 0.0567, "p1_participation_max": 0.0706}
{"step": 60, "train_loss": 7.3606, "lr": 0.000268, "elapsed_s": 75.8, "tok_per_s": 31738.4, "peak_vram_gib": 36.584, "p1_attn_entropy": 3.4657, "p1_participation_min": 0.0574, "p1_participation_max": 0.0716}
{"step": 70, "train_loss": 7.25793, "lr": 0.000252, "elapsed_s": 86.1, "tok_per_s": 31736.7, "peak_vram_gib": 36.584, "p1_attn_entropy": 3.4657, "p1_participation_min": 0.0571, "p1_participation_max": 0.0688}
{"step": 80, "train_loss": 7.14812, "lr": 0.000232, "elapsed_s": 96.5, "tok_per_s": 31735.5, "peak_vram_gib": 36.584, "p1_attn_entropy": 3.4657, "p1_participation_min": 0.0554, "p1_participation_max": 0.0683}
{"step": 90, "train_loss": 7.11568, "lr": 0.000211, "elapsed_s": 106.9, "tok_per_s": 31733.9, "peak_vram_gib": 36.584, "p1_attn_entropy": 3.4657, "p1_participation_min": 0.0564, "p1_participation_max": 0.0686}
{"step": 100, "train_loss": 7.01461, "lr": 0.000188, "elapsed_s": 127.5, "tok_per_s": 31744.4, "peak_vram_gib": 36.584, "p1_attn_entropy": 3.4657, "p1_participation_min": 0.0558, "p1_participation_max": 0.0745}
{"step": 110, "train_loss": 6.95269, "lr": 0.000165, "elapsed_s": 137.9, "tok_per_s": 31744.9, "peak_vram_gib": 36.584, "p1_attn_entropy": 3.4657, "p1_participation_min": 0.0537, "p1_participation_max": 0.0746}
{"step": 120, "train_loss": 6.87638, "lr": 0.000142, "elapsed_s": 148.3, "tok_per_s": 31741.9, "peak_vram_gib": 36.584, "p1_attn_entropy": 3.4657, "p1_participation_min": 0.052, "p1_participation_max": 0.0744}
{"step": 130, "train_loss": 6.85716, "lr": 0.000119, "elapsed_s": 158.7, "tok_per_s": 31743.5, "peak_vram_gib": 36.584, "p1_attn_entropy": 3.4657, "p1_participation_min": 0.0522, "p1_participation_max": 0.0741}
{"step": 140, "train_loss": 6.77077, "lr": 9.8e-05, "elapsed_s": 169.0, "tok_per_s": 31744.3, "peak_vram_gib": 36.584, "p1_attn_entropy": 3.4657, "p1_participation_min": 0.0525, "p1_participation_max": 0.0744}
{"step": 150, "train_loss": 6.7722, "lr": 7.8e-05, "elapsed_s": 189.9, "tok_per_s": 31750.6, "peak_vram_gib": 36.584, "p1_attn_entropy": 3.4657, "p1_participation_min": 0.0523, "p1_participation_max": 0.0734}
{"step": 160, "train_loss": 6.80185, "lr": 6.2e-05, "elapsed_s": 200.3, "tok_per_s": 31750.5, "peak_vram_gib": 36.584, "p1_attn_entropy": 3.4657, "p1_participation_min": 0.0529, "p1_participation_max": 0.0716}
{"step": 170, "train_loss": 6.70537, "lr": 4.8e-05, "elapsed_s": 210.7, "tok_per_s": 31749.6, "peak_vram_gib": 36.584, "p1_attn_entropy": 3.4657, "p1_participation_min": 0.0521, "p1_participation_max": 0.072}
{"step": 180, "train_loss": 6.7352, "lr": 3.8e-05, "elapsed_s": 221.1, "tok_per_s": 31748.8, "peak_vram_gib": 36.584, "p1_attn_entropy": 3.4657, "p1_participation_min": 0.0526, "p1_participation_max": 0.0719}
{"step": 190, "train_loss": 6.69405, "lr": 3.2e-05, "elapsed_s": 231.4, "tok_per_s": 31748.7, "peak_vram_gib": 36.584, "p1_attn_entropy": 3.4657, "p1_participation_min": 0.0538, "p1_participation_max": 0.0724}
{"step": 199, "val_loss": 6.71513, "val_bpc": 9.68788}
{"summary": {"final_val_loss": 6.71513, "final_val_bpc": 9.68788, "wall_clock_s": 261.5, "run": "M2-cal-s1-ssra-b32", "tok_per_s": 31758.6, "meas_steps": 190, "tokens_per_step": 32768, "peak_vram_gib": 36.584}}
