{"meta": {"run": "m2-sweep-ssra-lr6e4-do00", "arch": "ssra", "pool": "p1", "params": 24159744, "vocab": 16384, "data": {"train_bin": "data/m2/train.bin", "val_bin": "data/m2/val.bin", "eval_bin": "data/m2/val-eval-2M.bin", "tokenizer": "artifacts/tokenizer/fineweb-edu-bpe-16384.json", "vocab": 16384, "sha256": {"train_bin": "6d0e47cdbb75a5148c8588671ad92bc56f4afe24683d1665c6d618f909549ea0", "val_bin": "03e0dd1a6fb47b57a41e1c800f593b38cd55c24ddb521ac63d1f65cd9e60f35d", "eval_bin": "bde526d2ee244f44fa0ce9be66d8d561dbc4200ff4ba86ce63bf34336bfef55d", "tokenizer": "019568a206fe6ccc4bc2e90c750d660979d3fd3add159e302a0dfa4be0d669a0"}}, "train_tokens": 913605620, "val_tokens": 48050671, "eval_tokens": 2000000, "sha256_verified": ["eval_bin", "tokenizer", "train_bin", "val_bin"], "torch": "2.12.0+cu126", "commit": "52ec36a", "config": "experiments/m2-sweep-ssra-lr6e4-do00.yaml", "resumed_from": null, "steps": 3662, "batch_size": 16, "seq_len": 1024, "lr": 0.0006, "warmup_steps": 55, "weight_decay": 0.01, "lr_min_frac": 0.1, "seed": 1337, "device": "cuda", "precision": "bf16", "val_every": 200, "val_batches": 8, "log_every": 25, "ckpt_dir": "checkpoints/m2-sweep-ssra-lr6e4-do00", "ckpt_every": 500, "gcs_ckpt_dir": "gs://ssra-poc-ew3/m2/sweep/m2-sweep-ssra-lr6e4-do00"}}
{"step": 0, "train_loss": 9.75481, "lr": 1.1e-05, "elapsed_s": 1.7, "peak_vram_gib": 18.316, "p1_attn_entropy": 3.4657, "p1_participation_min": 0.0564, "p1_participation_max": 0.0687}
{"step": 0, "val_loss": 9.71137, "val_bpc": 14.01054}
{"step": 25, "train_loss": 8.27316, "lr": 0.000284, "elapsed_s": 18.4, "tok_per_s": 26920.5, "peak_vram_gib": 18.557, "p1_attn_entropy": 3.4657, "p1_participation_min": 0.056, "p1_participation_max": 0.0698}
{"step": 50, "train_loss": 7.59128, "lr": 0.000556, "elapsed_s": 33.4, "tok_per_s": 27147.2, "peak_vram_gib": 18.557, "p1_attn_entropy": 3.4657, "p1_participation_min": 0.0575, "p1_participation_max": 0.0691}
{"step": 75, "train_loss": 7.19397, "lr": 0.0006, "elapsed_s": 48.3, "tok_per_s": 27275.7, "peak_vram_gib": 18.557, "p1_attn_entropy": 3.4657, "p1_participation_min": 0.0498, "p1_participation_max": 0.0726}
{"step": 100, "train_loss": 6.85268, "lr": 0.0006, "elapsed_s": 63.2, "tok_per_s": 27348.3, "peak_vram_gib": 18.557, "p1_attn_entropy": 3.4657, "p1_participation_min": 0.0499, "p1_participation_max": 0.0728}
{"step": 125, "train_loss": 6.74049, "lr": 0.000599, "elapsed_s": 78.1, "tok_per_s": 27386.2, "peak_vram_gib": 18.557, "p1_attn_entropy": 3.4657, "p1_participation_min": 0.0505, "p1_participation_max": 0.0763}
{"step": 150, "train_loss": 6.52217, "lr": 0.000599, "elapsed_s": 93.0, "tok_per_s": 27407.6, "peak_vram_gib": 18.557, "p1_attn_entropy": 3.4657, "p1_participation_min": 0.0498, "p1_participation_max": 0.0743}
{"step": 175, "train_loss": 6.49118, "lr": 0.000599, "elapsed_s": 107.9, "tok_per_s": 27423.5, "peak_vram_gib": 18.557, "p1_attn_entropy": 3.4657, "p1_participation_min": 0.0501, "p1_participation_max": 0.0731}
{"step": 200, "train_loss": 6.43599, "lr": 0.000598, "elapsed_s": 122.9, "tok_per_s": 27436.7, "peak_vram_gib": 18.557, "p1_attn_entropy": 3.4657, "p1_participation_min": 0.049, "p1_participation_max": 0.0717}
{"step": 200, "val_loss": 6.37278, "val_bpc": 9.19398}
{"step": 225, "train_loss": 6.29294, "lr": 0.000597, "elapsed_s": 139.2, "tok_per_s": 27445.7, "peak_vram_gib": 18.557, "p1_attn_entropy": 3.4657, "p1_participation_min": 0.051, "p1_participation_max": 0.0715}
{"step": 250, "train_loss": 6.30312, "lr": 0.000596, "elapsed_s": 154.2, "tok_per_s": 27431.8, "peak_vram_gib": 18.557, "p1_attn_entropy": 3.4657, "p1_participation_min": 0.0518, "p1_participation_max": 0.0745}
{"step": 275, "train_loss": 6.09847, "lr": 0.000595, "elapsed_s": 169.4, "tok_per_s": 27399.0, "peak_vram_gib": 18.557, "p1_attn_entropy": 3.4657, "p1_participation_min": 0.0534, "p1_participation_max": 0.0782}
{"step": 300, "train_loss": 6.17229, "lr": 0.000594, "elapsed_s": 184.5, "tok_per_s": 27371.2, "peak_vram_gib": 18.557, "p1_attn_entropy": 3.4657, "p1_participation_min": 0.0527, "p1_participation_max": 0.0708}
{"step": 325, "train_loss": 6.13627, "lr": 0.000593, "elapsed_s": 199.7, "tok_per_s": 27346.8, "peak_vram_gib": 18.557, "p1_attn_entropy": 3.4657, "p1_participation_min": 0.0538, "p1_participation_max": 0.0756}
{"step": 350, "train_loss": 5.96298, "lr": 0.000591, "elapsed_s": 214.8, "tok_per_s": 27326.7, "peak_vram_gib": 18.557, "p1_attn_entropy": 3.4657, "p1_participation_min": 0.0561, "p1_participation_max": 0.0713}
{"step": 375, "train_loss": 5.8674, "lr": 0.00059, "elapsed_s": 230.0, "tok_per_s": 27309.4, "peak_vram_gib": 18.557, "p1_attn_entropy": 3.4657, "p1_participation_min": 0.0527, "p1_participation_max": 0.0795}
{"step": 400, "train_loss": 5.83085, "lr": 0.000588, "elapsed_s": 245.1, "tok_per_s": 27293.1, "peak_vram_gib": 18.557, "p1_attn_entropy": 3.4657, "p1_participation_min": 0.0518, "p1_participation_max": 0.0782}
{"step": 400, "val_loss": 5.91234, "val_bpc": 8.5297}
{"step": 425, "train_loss": 5.88798, "lr": 0.000586, "elapsed_s": 261.7, "tok_per_s": 27276.6, "peak_vram_gib": 18.557, "p1_attn_entropy": 3.4657, "p1_participation_min": 0.0511, "p1_participation_max": 0.0731}
{"step": 450, "train_loss": 5.82235, "lr": 0.000584, "elapsed_s": 276.8, "tok_per_s": 27270.4, "peak_vram_gib": 18.557, "p1_attn_entropy": 3.4657, "p1_participation_min": 0.0511, "p1_participation_max": 0.075}
{"step": 475, "train_loss": 5.74872, "lr": 0.000582, "elapsed_s": 291.8, "tok_per_s": 27278.6, "peak_vram_gib": 18.557, "p1_attn_entropy": 3.4657, "p1_participation_min": 0.0536, "p1_participation_max": 0.079}
{"step": 500, "train_loss": 5.7333, "lr": 0.00058, "elapsed_s": 316.7, "tok_per_s": 27289.4, "peak_vram_gib": 18.557, "p1_attn_entropy": 3.4657, "p1_participation_min": 0.0516, "p1_participation_max": 0.0776}
{"step": 525, "train_loss": 5.692, "lr": 0.000578, "elapsed_s": 331.8, "tok_per_s": 27285.6, "peak_vram_gib": 18.557, "p1_attn_entropy": 3.4657, "p1_participation_min": 0.0527, "p1_participation_max": 0.0743}
{"step": 550, "train_loss": 5.6867, "lr": 0.000575, "elapsed_s": 346.8, "tok_per_s": 27283.7, "peak_vram_gib": 18.557, "p1_attn_entropy": 3.4657, "p1_participation_min": 0.0532, "p1_participation_max": 0.0733}
{"step": 575, "train_loss": 5.68176, "lr": 0.000573, "elapsed_s": 361.9, "tok_per_s": 27280.9, "peak_vram_gib": 18.557, "p1_attn_entropy": 3.4657, "p1_participation_min": 0.0511, "p1_participation_max": 0.0793}
{"step": 600, "train_loss": 5.55062, "lr": 0.00057, "elapsed_s": 377.0, "tok_per_s": 27274.6, "peak_vram_gib": 18.557, "p1_attn_entropy": 3.4657, "p1_participation_min": 0.0543, "p1_participation_max": 0.0776}
{"step": 600, "val_loss": 5.61792, "val_bpc": 8.10494}
{"step": 625, "train_loss": 5.68966, "lr": 0.000567, "elapsed_s": 393.5, "tok_per_s": 27275.1, "peak_vram_gib": 18.557, "p1_attn_entropy": 3.4657, "p1_participation_min": 0.0503, "p1_participation_max": 0.0766}
{"step": 650, "train_loss": 5.71731, "lr": 0.000565, "elapsed_s": 408.4, "tok_per_s": 27282.5, "peak_vram_gib": 18.557, "p1_attn_entropy": 3.4657, "p1_participation_min": 0.051, "p1_participation_max": 0.0776}
{"step": 675, "train_loss": 5.38046, "lr": 0.000562, "elapsed_s": 423.3, "tok_per_s": 27290.4, "peak_vram_gib": 18.557, "p1_attn_entropy": 3.4657, "p1_participation_min": 0.0541, "p1_participation_max": 0.0746}
{"step": 700, "train_loss": 5.52571, "lr": 0.000559, "elapsed_s": 438.3, "tok_per_s": 27294.9, "peak_vram_gib": 18.557, "p1_attn_entropy": 3.4657, "p1_participation_min": 0.0535, "p1_participation_max": 0.075}
{"step": 725, "train_loss": 5.58956, "lr": 0.000555, "elapsed_s": 453.4, "tok_per_s": 27292.0, "peak_vram_gib": 18.557, "p1_attn_entropy": 3.4657, "p1_participation_min": 0.0503, "p1_participation_max": 0.0775}
{"step": 750, "train_loss": 5.43752, "lr": 0.000552, "elapsed_s": 468.5, "tok_per_s": 27285.4, "peak_vram_gib": 18.557, "p1_attn_entropy": 3.4657, "p1_participation_min": 0.0508, "p1_participation_max": 0.0746}
{"step": 775, "train_loss": 5.27628, "lr": 0.000549, "elapsed_s": 483.7, "tok_per_s": 27274.8, "peak_vram_gib": 18.557, "p1_attn_entropy": 3.4657, "p1_participation_min": 0.0506, "p1_participation_max": 0.0753}
{"step": 800, "train_loss": 5.51936, "lr": 0.000545, "elapsed_s": 498.9, "tok_per_s": 27264.6, "peak_vram_gib": 18.557, "p1_attn_entropy": 3.4657, "p1_participation_min": 0.0513, "p1_participation_max": 0.0782}
{"step": 800, "val_loss": 5.38129, "val_bpc": 7.76356}
{"step": 825, "train_loss": 5.27115, "lr": 0.000542, "elapsed_s": 515.6, "tok_per_s": 27256.8, "peak_vram_gib": 18.557, "p1_attn_entropy": 3.4657, "p1_participation_min": 0.0522, "p1_participation_max": 0.076}
{"step": 850, "train_loss": 5.35996, "lr": 0.000538, "elapsed_s": 530.6, "tok_per_s": 27258.3, "peak_vram_gib": 18.557, "p1_attn_entropy": 3.4657, "p1_participation_min": 0.0495, "p1_participation_max": 0.0781}
{"step": 875, "train_loss": 5.23406, "lr": 0.000534, "elapsed_s": 545.6, "tok_per_s": 27262.7, "peak_vram_gib": 18.557, "p1_attn_entropy": 3.4657, "p1_participation_min": 0.0517, "p1_participation_max": 0.0744}
{"step": 900, "train_loss": 5.3687, "lr": 0.00053, "elapsed_s": 560.6, "tok_per_s": 27266.4, "peak_vram_gib": 18.557, "p1_attn_entropy": 3.4657, "p1_participation_min": 0.0499, "p1_participation_max": 0.0728}
{"step": 925, "train_loss": 5.28019, "lr": 0.000526, "elapsed_s": 575.7, "tok_per_s": 27261.6, "peak_vram_gib": 18.557, "p1_attn_entropy": 3.4657, "p1_participation_min": 0.0521, "p1_participation_max": 0.0736}
{"step": 950, "train_loss": 5.19271, "lr": 0.000522, "elapsed_s": 590.8, "tok_per_s": 27258.0, "peak_vram_gib": 18.557, "p1_attn_entropy": 3.4657, "p1_participation_min": 0.0522, "p1_participation_max": 0.077}
{"step": 975, "train_loss": 5.28473, "lr": 0.000518, "elapsed_s": 606.0, "tok_per_s": 27253.7, "peak_vram_gib": 18.557, "p1_attn_entropy": 3.4657, "p1_participation_min": 0.05, "p1_participation_max": 0.075}
{"step": 1000, "train_loss": 5.18966, "lr": 0.000514, "elapsed_s": 630.9, "tok_per_s": 27250.4, "peak_vram_gib": 18.557, "p1_attn_entropy": 3.4657, "p1_participation_min": 0.0529, "p1_participation_max": 0.0712}
{"step": 1000, "val_loss": 5.19448, "val_bpc": 7.49405}
{"step": 1025, "train_loss": 5.21141, "lr": 0.000509, "elapsed_s": 647.5, "tok_per_s": 27246.4, "peak_vram_gib": 18.557, "p1_attn_entropy": 3.4657, "p1_participation_min": 0.053, "p1_participation_max": 0.0746}
{"step": 1050, "train_loss": 5.16679, "lr": 0.000505, "elapsed_s": 662.6, "tok_per_s": 27243.1, "peak_vram_gib": 18.557, "p1_attn_entropy": 3.4657, "p1_participation_min": 0.0523, "p1_participation_max": 0.0764}
{"step": 1075, "train_loss": 5.11553, "lr": 0.0005, "elapsed_s": 677.7, "tok_per_s": 27241.1, "peak_vram_gib": 18.557, "p1_attn_entropy": 3.4657, "p1_participation_min": 0.0517, "p1_participation_max": 0.0781}
{"step": 1100, "train_loss": 5.11037, "lr": 0.000496, "elapsed_s": 692.6, "tok_per_s": 27246.5, "peak_vram_gib": 18.557, "p1_attn_entropy": 3.4657, "p1_participation_min": 0.0529, "p1_participation_max": 0.0737}
{"step": 1125, "train_loss": 5.13282, "lr": 0.000491, "elapsed_s": 707.6, "tok_per_s": 27251.4, "peak_vram_gib": 18.557, "p1_attn_entropy": 3.4657, "p1_participation_min": 0.0527, "p1_participation_max": 0.0732}
{"step": 1150, "train_loss": 5.24325, "lr": 0.000486, "elapsed_s": 722.7, "tok_per_s": 27249.6, "peak_vram_gib": 18.557, "p1_attn_entropy": 3.4657, "p1_participation_min": 0.0525, "p1_participation_max": 0.0748}
{"step": 1175, "train_loss": 5.10003, "lr": 0.000481, "elapsed_s": 737.8, "tok_per_s": 27245.2, "peak_vram_gib": 18.557, "p1_attn_entropy": 3.4657, "p1_participation_min": 0.0511, "p1_participation_max": 0.0729}
{"step": 1200, "train_loss": 5.114, "lr": 0.000477, "elapsed_s": 753.0, "tok_per_s": 27241.3, "peak_vram_gib": 18.557, "p1_attn_entropy": 3.4657, "p1_participation_min": 0.0486, "p1_participation_max": 0.0767}
{"step": 1200, "val_loss": 5.03416, "val_bpc": 7.26276}
{"step": 1225, "train_loss": 4.87735, "lr": 0.000472, "elapsed_s": 769.4, "tok_per_s": 27243.4, "peak_vram_gib": 18.557, "p1_attn_entropy": 3.4657, "p1_participation_min": 0.0499, "p1_participation_max": 0.0775}
{"step": 1250, "train_loss": 4.96403, "lr": 0.000466, "elapsed_s": 784.5, "tok_per_s": 27242.6, "peak_vram_gib": 18.557, "p1_attn_entropy": 3.4657, "p1_participation_min": 0.0504, "p1_participation_max": 0.0756}
{"step": 1275, "train_loss": 5.01508, "lr": 0.000461, "elapsed_s": 799.6, "tok_per_s": 27241.9, "peak_vram_gib": 18.557, "p1_attn_entropy": 3.4657, "p1_participation_min": 0.0509, "p1_participation_max": 0.0726}
{"step": 1300, "train_loss": 4.92789, "lr": 0.000456, "elapsed_s": 814.7, "tok_per_s": 27240.5, "peak_vram_gib": 18.557, "p1_attn_entropy": 3.4657, "p1_participation_min": 0.0525, "p1_participation_max": 0.0767}
{"step": 1325, "train_loss": 4.91704, "lr": 0.000451, "elapsed_s": 829.8, "tok_per_s": 27239.9, "peak_vram_gib": 18.557, "p1_attn_entropy": 3.4657, "p1_participation_min": 0.0516, "p1_participation_max": 0.0764}
{"step": 1350, "train_loss": 4.83808, "lr": 0.000446, "elapsed_s": 844.8, "tok_per_s": 27238.9, "peak_vram_gib": 18.557, "p1_attn_entropy": 3.4657, "p1_participation_min": 0.0496, "p1_participation_max": 0.0776}
{"step": 1375, "train_loss": 4.9977, "lr": 0.00044, "elapsed_s": 859.9, "tok_per_s": 27238.0, "peak_vram_gib": 18.557, "p1_attn_entropy": 3.4657, "p1_participation_min": 0.0492, "p1_participation_max": 0.0777}
{"step": 1400, "train_loss": 4.91199, "lr": 0.000435, "elapsed_s": 875.0, "tok_per_s": 27237.8, "peak_vram_gib": 18.557, "p1_attn_entropy": 3.4657, "p1_participation_min": 0.0503, "p1_participation_max": 0.0772}
{"step": 1400, "val_loss": 4.9118, "val_bpc": 7.08623}
{"step": 1425, "train_loss": 5.0077, "lr": 0.00043, "elapsed_s": 891.5, "tok_per_s": 27238.0, "peak_vram_gib": 18.557, "p1_attn_entropy": 3.4657, "p1_participation_min": 0.0521, "p1_participation_max": 0.077}
{"step": 1450, "train_loss": 4.90917, "lr": 0.000424, "elapsed_s": 906.6, "tok_per_s": 27237.4, "peak_vram_gib": 18.557, "p1_attn_entropy": 3.4657, "p1_participation_min": 0.0515, "p1_participation_max": 0.0744}
{"step": 1475, "train_loss": 4.92876, "lr": 0.000419, "elapsed_s": 921.6, "tok_per_s": 27237.2, "peak_vram_gib": 18.557, "p1_attn_entropy": 3.4657, "p1_participation_min": 0.0512, "p1_participation_max": 0.0735}
{"step": 1500, "train_loss": 4.94375, "lr": 0.000413, "elapsed_s": 947.2, "tok_per_s": 27237.5, "peak_vram_gib": 18.557, "p1_attn_entropy": 3.4657, "p1_participation_min": 0.054, "p1_participation_max": 0.0736}
{"step": 1525, "train_loss": 4.70105, "lr": 0.000407, "elapsed_s": 962.2, "tok_per_s": 27238.9, "peak_vram_gib": 18.557, "p1_attn_entropy": 3.4657, "p1_participation_min": 0.0514, "p1_participation_max": 0.0729}
{"step": 1550, "train_loss": 4.82297, "lr": 0.000402, "elapsed_s": 977.1, "tok_per_s": 27241.5, "peak_vram_gib": 18.557, "p1_attn_entropy": 3.4657, "p1_participation_min": 0.049, "p1_participation_max": 0.0726}
{"step": 1575, "train_loss": 4.75538, "lr": 0.000396, "elapsed_s": 992.2, "tok_per_s": 27242.2, "peak_vram_gib": 18.557, "p1_attn_entropy": 3.4657, "p1_participation_min": 0.0514, "p1_participation_max": 0.0743}
{"step": 1600, "train_loss": 4.83526, "lr": 0.00039, "elapsed_s": 1007.3, "tok_per_s": 27241.4, "peak_vram_gib": 18.557, "p1_attn_entropy": 3.4657, "p1_participation_min": 0.0477, "p1_participation_max": 0.0771}
{"step": 1600, "val_loss": 4.80465, "val_bpc": 6.93165}
{"step": 1625, "train_loss": 4.85106, "lr": 0.000385, "elapsed_s": 1023.8, "tok_per_s": 27240.5, "peak_vram_gib": 18.557, "p1_attn_entropy": 3.4657, "p1_participation_min": 0.0493, "p1_participation_max": 0.0772}
{"step": 1650, "train_loss": 4.84978, "lr": 0.000379, "elapsed_s": 1038.9, "tok_per_s": 27239.4, "peak_vram_gib": 18.557, "p1_attn_entropy": 3.4657, "p1_participation_min": 0.0484, "p1_participation_max": 0.0756}
{"step": 1675, "train_loss": 4.75657, "lr": 0.000373, "elapsed_s": 1054.0, "tok_per_s": 27237.8, "peak_vram_gib": 18.557, "p1_attn_entropy": 3.4657, "p1_participation_min": 0.0479, "p1_participation_max": 0.0729}
{"step": 1700, "train_loss": 4.77588, "lr": 0.000367, "elapsed_s": 1069.2, "tok_per_s": 27234.9, "peak_vram_gib": 18.557, "p1_attn_entropy": 3.4657, "p1_participation_min": 0.0504, "p1_participation_max": 0.077}
{"step": 1725, "train_loss": 4.87194, "lr": 0.000361, "elapsed_s": 1084.3, "tok_per_s": 27232.6, "peak_vram_gib": 18.557, "p1_attn_entropy": 3.4657, "p1_participation_min": 0.0488, "p1_participation_max": 0.0753}
{"step": 1750, "train_loss": 4.73409, "lr": 0.000355, "elapsed_s": 1099.5, "tok_per_s": 27230.6, "peak_vram_gib": 18.557, "p1_attn_entropy": 3.4657, "p1_participation_min": 0.0474, "p1_participation_max": 0.0751}
{"step": 1775, "train_loss": 4.79495, "lr": 0.00035, "elapsed_s": 1114.6, "tok_per_s": 27229.6, "peak_vram_gib": 18.557, "p1_attn_entropy": 3.4657, "p1_participation_min": 0.0497, "p1_participation_max": 0.0771}
{"step": 1800, "train_loss": 4.61858, "lr": 0.000344, "elapsed_s": 1129.5, "tok_per_s": 27231.6, "peak_vram_gib": 18.557, "p1_attn_entropy": 3.4657, "p1_participation_min": 0.0485, "p1_participation_max": 0.0791}
{"step": 1800, "val_loss": 4.7108, "val_bpc": 6.79625}
{"step": 1825, "train_loss": 4.7566, "lr": 0.000338, "elapsed_s": 1146.0, "tok_per_s": 27234.4, "peak_vram_gib": 18.557, "p1_attn_entropy": 3.4657, "p1_participation_min": 0.0491, "p1_participation_max": 0.0757}
{"step": 1850, "train_loss": 4.71709, "lr": 0.000332, "elapsed_s": 1160.9, "tok_per_s": 27237.2, "peak_vram_gib": 18.557, "p1_attn_entropy": 3.4657, "p1_participation_min": 0.0501, "p1_participation_max": 0.0768}
{"step": 1875, "train_loss": 4.76139, "lr": 0.000326, "elapsed_s": 1175.9, "tok_per_s": 27239.6, "peak_vram_gib": 18.557, "p1_attn_entropy": 3.4657, "p1_participation_min": 0.0494, "p1_participation_max": 0.0724}
{"step": 1900, "train_loss": 4.69279, "lr": 0.00032, "elapsed_s": 1190.9, "tok_per_s": 27239.2, "peak_vram_gib": 18.557, "p1_attn_entropy": 3.4657, "p1_participation_min": 0.0493, "p1_participation_max": 0.0708}
{"step": 1925, "train_loss": 4.58437, "lr": 0.000314, "elapsed_s": 1205.9, "tok_per_s": 27240.8, "peak_vram_gib": 18.557, "p1_attn_entropy": 3.4657, "p1_participation_min": 0.0525, "p1_participation_max": 0.0748}
{"step": 1950, "train_loss": 4.65172, "lr": 0.000309, "elapsed_s": 1220.9, "tok_per_s": 27242.6, "peak_vram_gib": 18.557, "p1_attn_entropy": 3.4657, "p1_participation_min": 0.051, "p1_participation_max": 0.0741}
{"step": 1975, "train_loss": 4.70058, "lr": 0.000303, "elapsed_s": 1235.9, "tok_per_s": 27244.9, "peak_vram_gib": 18.557, "p1_attn_entropy": 3.4657, "p1_participation_min": 0.0507, "p1_participation_max": 0.0742}
{"step": 2000, "train_loss": 4.63545, "lr": 0.000297, "elapsed_s": 1260.7, "tok_per_s": 27247.9, "peak_vram_gib": 18.557, "p1_attn_entropy": 3.4657, "p1_participation_min": 0.0478, "p1_participation_max": 0.0735}
{"step": 2000, "val_loss": 4.62441, "val_bpc": 6.67161}
{"step": 2025, "train_loss": 4.68073, "lr": 0.000291, "elapsed_s": 1277.4, "tok_per_s": 27244.6, "peak_vram_gib": 18.557, "p1_attn_entropy": 3.4657, "p1_participation_min": 0.0496, "p1_participation_max": 0.0747}
{"step": 2050, "train_loss": 4.64587, "lr": 0.000285, "elapsed_s": 1292.6, "tok_per_s": 27241.1, "peak_vram_gib": 18.557, "p1_attn_entropy": 3.4657, "p1_participation_min": 0.048, "p1_participation_max": 0.0743}
{"step": 2075, "train_loss": 4.62546, "lr": 0.000279, "elapsed_s": 1307.8, "tok_per_s": 27237.8, "peak_vram_gib": 18.557, "p1_attn_entropy": 3.4657, "p1_participation_min": 0.0485, "p1_participation_max": 0.0738}
{"step": 2100, "train_loss": 4.60696, "lr": 0.000274, "elapsed_s": 1323.0, "tok_per_s": 27234.8, "peak_vram_gib": 18.557, "p1_attn_entropy": 3.4657, "p1_participation_min": 0.0485, "p1_participation_max": 0.0734}
{"step": 2125, "train_loss": 4.64466, "lr": 0.000268, "elapsed_s": 1338.2, "tok_per_s": 27231.0, "peak_vram_gib": 18.557, "p1_attn_entropy": 3.4657, "p1_participation_min": 0.0498, "p1_participation_max": 0.0771}
{"step": 2150, "train_loss": 4.53161, "lr": 0.000262, "elapsed_s": 1353.4, "tok_per_s": 27229.2, "peak_vram_gib": 18.557, "p1_attn_entropy": 3.4657, "p1_participation_min": 0.0495, "p1_participation_max": 0.0744}
{"step": 2175, "train_loss": 4.57377, "lr": 0.000257, "elapsed_s": 1368.3, "tok_per_s": 27231.2, "peak_vram_gib": 18.557, "p1_attn_entropy": 3.4657, "p1_participation_min": 0.0488, "p1_participation_max": 0.0719}
{"step": 2200, "train_loss": 4.58455, "lr": 0.000251, "elapsed_s": 1383.3, "tok_per_s": 27233.1, "peak_vram_gib": 18.557, "p1_attn_entropy": 3.4657, "p1_participation_min": 0.0484, "p1_participation_max": 0.0746}
{"step": 2200, "val_loss": 4.55442, "val_bpc": 6.57063}
{"step": 2225, "train_loss": 4.6487, "lr": 0.000245, "elapsed_s": 1399.8, "tok_per_s": 27233.0, "peak_vram_gib": 18.557, "p1_attn_entropy": 3.4657, "p1_participation_min": 0.0494, "p1_participation_max": 0.0738}
{"step": 2250, "train_loss": 4.55544, "lr": 0.00024, "elapsed_s": 1414.9, "tok_per_s": 27233.1, "peak_vram_gib": 18.557, "p1_attn_entropy": 3.4657, "p1_participation_min": 0.0485, "p1_participation_max": 0.0724}
{"step": 2275, "train_loss": 4.65448, "lr": 0.000234, "elapsed_s": 1429.8, "tok_per_s": 27235.8, "peak_vram_gib": 18.557, "p1_attn_entropy": 3.4657, "p1_participation_min": 0.0471, "p1_participation_max": 0.0712}
{"step": 2300, "train_loss": 4.53672, "lr": 0.000229, "elapsed_s": 1444.7, "tok_per_s": 27238.0, "peak_vram_gib": 18.557, "p1_attn_entropy": 3.4657, "p1_participation_min": 0.0483, "p1_participation_max": 0.0716}
{"step": 2325, "train_loss": 4.44226, "lr": 0.000223, "elapsed_s": 1459.7, "tok_per_s": 27239.7, "peak_vram_gib": 18.557, "p1_attn_entropy": 3.4657, "p1_participation_min": 0.0507, "p1_participation_max": 0.0737}
{"step": 2350, "train_loss": 4.51054, "lr": 0.000218, "elapsed_s": 1474.7, "tok_per_s": 27242.1, "peak_vram_gib": 18.557, "p1_attn_entropy": 3.4657, "p1_participation_min": 0.0508, "p1_participation_max": 0.0727}
{"step": 2375, "train_loss": 4.57539, "lr": 0.000213, "elapsed_s": 1489.6, "tok_per_s": 27244.0, "peak_vram_gib": 18.557, "p1_attn_entropy": 3.4657, "p1_participation_min": 0.0506, "p1_participation_max": 0.0752}
{"step": 2400, "train_loss": 4.43574, "lr": 0.000207, "elapsed_s": 1504.6, "tok_per_s": 27246.0, "peak_vram_gib": 18.557, "p1_attn_entropy": 3.4657, "p1_participation_min": 0.0499, "p1_participation_max": 0.0741}
{"step": 2400, "val_loss": 4.49677, "val_bpc": 6.48747}
{"step": 2425, "train_loss": 4.6033, "lr": 0.000202, "elapsed_s": 1521.0, "tok_per_s": 27248.0, "peak_vram_gib": 18.557, "p1_attn_entropy": 3.4657, "p1_participation_min": 0.0485, "p1_participation_max": 0.0769}
{"step": 2450, "train_loss": 4.59795, "lr": 0.000197, "elapsed_s": 1536.0, "tok_per_s": 27249.0, "peak_vram_gib": 18.557, "p1_attn_entropy": 3.4657, "p1_participation_min": 0.0499, "p1_participation_max": 0.078}
{"step": 2475, "train_loss": 4.52887, "lr": 0.000192, "elapsed_s": 1551.1, "tok_per_s": 27247.6, "peak_vram_gib": 18.557, "p1_attn_entropy": 3.4657, "p1_participation_min": 0.0493, "p1_participation_max": 0.0774}
{"step": 2500, "train_loss": 4.51751, "lr": 0.000187, "elapsed_s": 1576.0, "tok_per_s": 27246.0, "peak_vram_gib": 18.557, "p1_attn_entropy": 3.4657, "p1_participation_min": 0.0491, "p1_participation_max": 0.0785}
{"step": 2525, "train_loss": 4.36445, "lr": 0.000182, "elapsed_s": 1591.1, "tok_per_s": 27245.6, "peak_vram_gib": 18.557, "p1_attn_entropy": 3.4657, "p1_participation_min": 0.0494, "p1_participation_max": 0.079}
{"step": 2550, "train_loss": 4.41555, "lr": 0.000177, "elapsed_s": 1606.0, "tok_per_s": 27248.7, "peak_vram_gib": 18.557, "p1_attn_entropy": 3.4657, "p1_participation_min": 0.0497, "p1_participation_max": 0.0785}
{"step": 2575, "train_loss": 4.44284, "lr": 0.000172, "elapsed_s": 1620.9, "tok_per_s": 27251.1, "peak_vram_gib": 18.557, "p1_attn_entropy": 3.4657, "p1_participation_min": 0.0519, "p1_participation_max": 0.0766}
{"step": 2600, "train_loss": 4.5085, "lr": 0.000167, "elapsed_s": 1635.9, "tok_per_s": 27252.2, "peak_vram_gib": 18.557, "p1_attn_entropy": 3.4657, "p1_participation_min": 0.0448, "p1_participation_max": 0.0774}
{"step": 2600, "val_loss": 4.45158, "val_bpc": 6.42227}
{"step": 2625, "train_loss": 4.636, "lr": 0.000163, "elapsed_s": 1652.4, "tok_per_s": 27253.2, "peak_vram_gib": 18.557, "p1_attn_entropy": 3.4657, "p1_participation_min": 0.0472, "p1_participation_max": 0.0782}
{"step": 2650, "train_loss": 4.50221, "lr": 0.000158, "elapsed_s": 1667.6, "tok_per_s": 27250.7, "peak_vram_gib": 18.557, "p1_attn_entropy": 3.4657, "p1_participation_min": 0.0495, "p1_participation_max": 0.0767}
{"step": 2675, "train_loss": 4.42906, "lr": 0.000154, "elapsed_s": 1682.8, "tok_per_s": 27248.1, "peak_vram_gib": 18.557, "p1_attn_entropy": 3.4657, "p1_participation_min": 0.0512, "p1_participation_max": 0.0739}
{"step": 2700, "train_loss": 4.56615, "lr": 0.000149, "elapsed_s": 1697.9, "tok_per_s": 27247.4, "peak_vram_gib": 18.557, "p1_attn_entropy": 3.4657, "p1_participation_min": 0.0512, "p1_participation_max": 0.0742}
{"step": 2725, "train_loss": 4.3428, "lr": 0.000145, "elapsed_s": 1712.9, "tok_per_s": 27248.5, "peak_vram_gib": 18.557, "p1_attn_entropy": 3.4657, "p1_participation_min": 0.0502, "p1_participation_max": 0.0771}
{"step": 2750, "train_loss": 4.47172, "lr": 0.000141, "elapsed_s": 1727.9, "tok_per_s": 27248.8, "peak_vram_gib": 18.557, "p1_attn_entropy": 3.4657, "p1_participation_min": 0.0496, "p1_participation_max": 0.0754}
{"step": 2775, "train_loss": 4.48576, "lr": 0.000137, "elapsed_s": 1743.0, "tok_per_s": 27248.1, "peak_vram_gib": 18.557, "p1_attn_entropy": 3.4657, "p1_participation_min": 0.0497, "p1_participation_max": 0.0749}
{"step": 2800, "train_loss": 4.42469, "lr": 0.000133, "elapsed_s": 1758.1, "tok_per_s": 27246.7, "peak_vram_gib": 18.557, "p1_attn_entropy": 3.4657, "p1_participation_min": 0.0493, "p1_participation_max": 0.0753}
{"step": 2800, "val_loss": 4.41306, "val_bpc": 6.3667}
{"step": 2825, "train_loss": 4.49334, "lr": 0.000129, "elapsed_s": 1774.8, "tok_per_s": 27244.6, "peak_vram_gib": 18.557, "p1_attn_entropy": 3.4657, "p1_participation_min": 0.0502, "p1_participation_max": 0.0765}
{"step": 2850, "train_loss": 4.4229, "lr": 0.000125, "elapsed_s": 1789.9, "tok_per_s": 27243.2, "peak_vram_gib": 18.557, "p1_attn_entropy": 3.4657, "p1_participation_min": 0.0524, "p1_participation_max": 0.0765}
{"step": 2875, "train_loss": 4.48672, "lr": 0.000121, "elapsed_s": 1805.1, "tok_per_s": 27241.0, "peak_vram_gib": 18.557, "p1_attn_entropy": 3.4657, "p1_participation_min": 0.0507, "p1_participation_max": 0.0767}
{"step": 2900, "train_loss": 4.42239, "lr": 0.000117, "elapsed_s": 1820.3, "tok_per_s": 27239.0, "peak_vram_gib": 18.557, "p1_attn_entropy": 3.4657, "p1_participation_min": 0.051, "p1_participation_max": 0.0778}
{"step": 2925, "train_loss": 4.38236, "lr": 0.000114, "elapsed_s": 1835.4, "tok_per_s": 27237.7, "peak_vram_gib": 18.557, "p1_attn_entropy": 3.4657, "p1_participation_min": 0.0509, "p1_participation_max": 0.0768}
{"step": 2950, "train_loss": 4.40999, "lr": 0.00011, "elapsed_s": 1850.6, "tok_per_s": 27236.1, "peak_vram_gib": 18.557, "p1_attn_entropy": 3.4657, "p1_participation_min": 0.0499, "p1_participation_max": 0.0763}
{"step": 2975, "train_loss": 4.33406, "lr": 0.000107, "elapsed_s": 1865.8, "tok_per_s": 27234.4, "peak_vram_gib": 18.557, "p1_attn_entropy": 3.4657, "p1_participation_min": 0.053, "p1_participation_max": 0.0773}
{"step": 3000, "train_loss": 4.39987, "lr": 0.000104, "elapsed_s": 1890.8, "tok_per_s": 27233.8, "peak_vram_gib": 18.557, "p1_attn_entropy": 3.4657, "p1_participation_min": 0.0523, "p1_participation_max": 0.079}
{"step": 3000, "val_loss": 4.38311, "val_bpc": 6.32349}
{"step": 3025, "train_loss": 4.38856, "lr": 0.0001, "elapsed_s": 1907.4, "tok_per_s": 27232.3, "peak_vram_gib": 18.557, "p1_attn_entropy": 3.4657, "p1_participation_min": 0.052, "p1_participation_max": 0.076}
{"step": 3050, "train_loss": 4.31893, "lr": 9.7e-05, "elapsed_s": 1922.5, "tok_per_s": 27230.6, "peak_vram_gib": 18.557, "p1_attn_entropy": 3.4657, "p1_participation_min": 0.0519, "p1_participation_max": 0.0769}
{"step": 3075, "train_loss": 4.4358, "lr": 9.5e-05, "elapsed_s": 1937.8, "tok_per_s": 27227.6, "peak_vram_gib": 18.557, "p1_attn_entropy": 3.4657, "p1_participation_min": 0.052, "p1_participation_max": 0.0766}
{"step": 3100, "train_loss": 4.37758, "lr": 9.2e-05, "elapsed_s": 1953.0, "tok_per_s": 27225.8, "peak_vram_gib": 18.557, "p1_attn_entropy": 3.4657, "p1_participation_min": 0.0525, "p1_participation_max": 0.0766}
{"step": 3125, "train_loss": 4.39058, "lr": 8.9e-05, "elapsed_s": 1968.2, "tok_per_s": 27224.1, "peak_vram_gib": 18.557, "p1_attn_entropy": 3.4657, "p1_participation_min": 0.0521, "p1_participation_max": 0.0769}
{"step": 3150, "train_loss": 4.43495, "lr": 8.6e-05, "elapsed_s": 1983.4, "tok_per_s": 27222.5, "peak_vram_gib": 18.557, "p1_attn_entropy": 3.4657, "p1_participation_min": 0.0531, "p1_participation_max": 0.0744}
{"step": 3175, "train_loss": 4.45848, "lr": 8.4e-05, "elapsed_s": 1998.5, "tok_per_s": 27221.2, "peak_vram_gib": 18.557, "p1_attn_entropy": 3.4657, "p1_participation_min": 0.0521, "p1_participation_max": 0.0735}
{"step": 3200, "train_loss": 4.37037, "lr": 8.2e-05, "elapsed_s": 2013.7, "tok_per_s": 27219.7, "peak_vram_gib": 18.557, "p1_attn_entropy": 3.4657, "p1_participation_min": 0.0526, "p1_participation_max": 0.0741}
{"step": 3200, "val_loss": 4.36061, "val_bpc": 6.29104}
{"step": 3225, "train_loss": 4.43059, "lr": 7.9e-05, "elapsed_s": 2030.3, "tok_per_s": 27218.2, "peak_vram_gib": 18.557, "p1_attn_entropy": 3.4657, "p1_participation_min": 0.0501, "p1_participation_max": 0.0745}
{"step": 3250, "train_loss": 4.42738, "lr": 7.7e-05, "elapsed_s": 2045.5, "tok_per_s": 27216.7, "peak_vram_gib": 18.557, "p1_attn_entropy": 3.4657, "p1_participation_min": 0.051, "p1_participation_max": 0.0747}
{"step": 3275, "train_loss": 4.52388, "lr": 7.5e-05, "elapsed_s": 2060.6, "tok_per_s": 27215.5, "peak_vram_gib": 18.557, "p1_attn_entropy": 3.4657, "p1_participation_min": 0.0523, "p1_participation_max": 0.0744}
{"step": 3300, "train_loss": 4.3749, "lr": 7.3e-05, "elapsed_s": 2075.8, "tok_per_s": 27214.3, "peak_vram_gib": 18.557, "p1_attn_entropy": 3.4657, "p1_participation_min": 0.0508, "p1_participation_max": 0.0762}
{"step": 3325, "train_loss": 4.25244, "lr": 7.2e-05, "elapsed_s": 2091.0, "tok_per_s": 27213.1, "peak_vram_gib": 18.557, "p1_attn_entropy": 3.4657, "p1_participation_min": 0.05, "p1_participation_max": 0.074}
{"step": 3350, "train_loss": 4.54626, "lr": 7e-05, "elapsed_s": 2106.1, "tok_per_s": 27211.7, "peak_vram_gib": 18.557, "p1_attn_entropy": 3.4657, "p1_participation_min": 0.0491, "p1_participation_max": 0.0751}
{"step": 3375, "train_loss": 4.33224, "lr": 6.8e-05, "elapsed_s": 2121.3, "tok_per_s": 27210.3, "peak_vram_gib": 18.557, "p1_attn_entropy": 3.4657, "p1_participation_min": 0.0492, "p1_participation_max": 0.0758}
{"step": 3400, "train_loss": 4.41833, "lr": 6.7e-05, "elapsed_s": 2136.4, "tok_per_s": 27210.3, "peak_vram_gib": 18.557, "p1_attn_entropy": 3.4657, "p1_participation_min": 0.0504, "p1_participation_max": 0.076}
{"step": 3400, "val_loss": 4.34033, "val_bpc": 6.26177}
{"step": 3425, "train_loss": 4.34903, "lr": 6.6e-05, "elapsed_s": 2152.9, "tok_per_s": 27210.6, "peak_vram_gib": 18.557, "p1_attn_entropy": 3.4657, "p1_participation_min": 0.0528, "p1_participation_max": 0.0758}
{"step": 3450, "train_loss": 4.47479, "lr": 6.5e-05, "elapsed_s": 2167.9, "tok_per_s": 27211.0, "peak_vram_gib": 18.557, "p1_attn_entropy": 3.4657, "p1_participation_min": 0.05, "p1_participation_max": 0.0747}
{"step": 3475, "train_loss": 4.30083, "lr": 6.4e-05, "elapsed_s": 2183.0, "tok_per_s": 27211.4, "peak_vram_gib": 18.557, "p1_attn_entropy": 3.4657, "p1_participation_min": 0.0508, "p1_participation_max": 0.0758}
{"step": 3500, "train_loss": 4.35445, "lr": 6.3e-05, "elapsed_s": 2208.0, "tok_per_s": 27211.2, "peak_vram_gib": 18.557, "p1_attn_entropy": 3.4657, "p1_participation_min": 0.0521, "p1_participation_max": 0.0756}
{"step": 3525, "train_loss": 4.34733, "lr": 6.2e-05, "elapsed_s": 2223.1, "tok_per_s": 27210.1, "peak_vram_gib": 18.557, "p1_attn_entropy": 3.4657, "p1_participation_min": 0.0517, "p1_participation_max": 0.0758}
{"step": 3550, "train_loss": 4.51806, "lr": 6.1e-05, "elapsed_s": 2238.3, "tok_per_s": 27209.1, "peak_vram_gib": 18.557, "p1_attn_entropy": 3.4657, "p1_participation_min": 0.0521, "p1_participation_max": 0.0766}
{"step": 3575, "train_loss": 4.31841, "lr": 6.1e-05, "elapsed_s": 2253.3, "tok_per_s": 27210.1, "peak_vram_gib": 18.557, "p1_attn_entropy": 3.4657, "p1_participation_min": 0.0526, "p1_participation_max": 0.075}
{"step": 3600, "train_loss": 4.30891, "lr": 6e-05, "elapsed_s": 2268.3, "tok_per_s": 27210.3, "peak_vram_gib": 18.557, "p1_attn_entropy": 3.4657, "p1_participation_min": 0.0513, "p1_participation_max": 0.075}
{"step": 3600, "val_loss": 4.32608, "val_bpc": 6.24121}
{"step": 3625, "train_loss": 4.36917, "lr": 6e-05, "elapsed_s": 2284.9, "tok_per_s": 27210.1, "peak_vram_gib": 18.557, "p1_attn_entropy": 3.4657, "p1_participation_min": 0.0504, "p1_participation_max": 0.0752}
{"step": 3650, "train_loss": 4.31507, "lr": 6e-05, "elapsed_s": 2300.0, "tok_per_s": 27209.3, "peak_vram_gib": 18.557, "p1_attn_entropy": 3.4657, "p1_participation_min": 0.0494, "p1_participation_max": 0.0767}
{"step": 3661, "val_loss": 4.32377, "val_bpc": 6.23789}
{"final_eval": {"eval_loss": 4.34882, "eval_windows": 1953, "eval_tokens": 1999872, "eval_tokens_dropped": 127, "eval_bin": "data/m2/val-eval-2M.bin"}}
{"summary": {"final_val_loss": 4.32377, "final_val_bpc": 6.23789, "final_eval_loss": 4.34882, "wall_clock_s": 2340.1, "run": "m2-sweep-ssra-lr6e4-do00", "tok_per_s": 27209.3, "meas_steps": 3652, "tokens_per_step": 16384, "peak_vram_gib": 18.557}}
