{"meta": {"run": "m2-sweep-flat-lr1e3-do00", "arch": "flat", "pool": "p1", "params": 24021504, "vocab": 16384, "data": {"train_bin": "data/m2/train.bin", "val_bin": "data/m2/val.bin", "eval_bin": "data/m2/val-eval-2M.bin", "tokenizer": "artifacts/tokenizer/fineweb-edu-bpe-16384.json", "vocab": 16384, "sha256": {"train_bin": "6d0e47cdbb75a5148c8588671ad92bc56f4afe24683d1665c6d618f909549ea0", "val_bin": "03e0dd1a6fb47b57a41e1c800f593b38cd55c24ddb521ac63d1f65cd9e60f35d", "eval_bin": "bde526d2ee244f44fa0ce9be66d8d561dbc4200ff4ba86ce63bf34336bfef55d", "tokenizer": "019568a206fe6ccc4bc2e90c750d660979d3fd3add159e302a0dfa4be0d669a0"}}, "train_tokens": 913605620, "val_tokens": 48050671, "eval_tokens": 2000000, "sha256_verified": ["eval_bin", "tokenizer", "train_bin", "val_bin"], "torch": "2.12.0+cu126", "commit": "52ec36a", "config": "experiments/m2-sweep-flat-lr1e3-do00.yaml", "resumed_from": null, "steps": 3662, "batch_size": 16, "seq_len": 1024, "lr": 0.001, "warmup_steps": 55, "weight_decay": 0.01, "lr_min_frac": 0.1, "seed": 1337, "device": "cuda", "precision": "bf16", "val_every": 200, "val_batches": 8, "log_every": 25, "ckpt_dir": "checkpoints/m2-sweep-flat-lr1e3-do00", "ckpt_every": 500, "gcs_ckpt_dir": "gs://ssra-poc-ew3/m2/sweep/m2-sweep-flat-lr1e3-do00"}}
{"step": 0, "train_loss": 9.80832, "lr": 1.8e-05, "elapsed_s": 0.6, "peak_vram_gib": 6.152}
{"step": 0, "val_loss": 9.71121, "val_bpc": 14.01032}
{"step": 25, "train_loss": 7.86282, "lr": 0.000473, "elapsed_s": 2.1, "tok_per_s": 307283.8, "peak_vram_gib": 6.345}
{"step": 50, "train_loss": 7.58898, "lr": 0.000927, "elapsed_s": 3.4, "tok_per_s": 310050.4, "peak_vram_gib": 6.345}
{"step": 75, "train_loss": 7.21229, "lr": 0.001, "elapsed_s": 4.7, "tok_per_s": 310385.3, "peak_vram_gib": 6.345}
{"step": 100, "train_loss": 6.8992, "lr": 0.001, "elapsed_s": 6.1, "tok_per_s": 310909.6, "peak_vram_gib": 6.345}
{"step": 125, "train_loss": 6.78524, "lr": 0.000999, "elapsed_s": 7.4, "tok_per_s": 310838.4, "peak_vram_gib": 6.345}
{"step": 150, "train_loss": 6.55791, "lr": 0.000998, "elapsed_s": 8.8, "tok_per_s": 311125.4, "peak_vram_gib": 6.345}
{"step": 175, "train_loss": 6.53135, "lr": 0.000998, "elapsed_s": 10.1, "tok_per_s": 311238.2, "peak_vram_gib": 6.345}
{"step": 200, "train_loss": 6.44507, "lr": 0.000996, "elapsed_s": 11.4, "tok_per_s": 311328.4, "peak_vram_gib": 6.345}
{"step": 200, "val_loss": 6.39351, "val_bpc": 9.22389}
{"step": 225, "train_loss": 6.30689, "lr": 0.000995, "elapsed_s": 12.9, "tok_per_s": 311391.3, "peak_vram_gib": 6.345}
{"step": 250, "train_loss": 6.3226, "lr": 0.000994, "elapsed_s": 14.3, "tok_per_s": 311462.8, "peak_vram_gib": 6.345}
{"step": 275, "train_loss": 6.1145, "lr": 0.000992, "elapsed_s": 15.6, "tok_per_s": 311498.5, "peak_vram_gib": 6.345}
{"step": 300, "train_loss": 6.17521, "lr": 0.00099, "elapsed_s": 16.9, "tok_per_s": 311537.0, "peak_vram_gib": 6.345}
{"step": 325, "train_loss": 6.17238, "lr": 0.000988, "elapsed_s": 18.3, "tok_per_s": 311600.1, "peak_vram_gib": 6.345}
{"step": 350, "train_loss": 5.97444, "lr": 0.000985, "elapsed_s": 19.6, "tok_per_s": 311648.0, "peak_vram_gib": 6.345}
{"step": 375, "train_loss": 5.88838, "lr": 0.000983, "elapsed_s": 21.0, "tok_per_s": 311683.3, "peak_vram_gib": 6.345}
{"step": 400, "train_loss": 5.85302, "lr": 0.00098, "elapsed_s": 22.3, "tok_per_s": 311647.4, "peak_vram_gib": 6.345}
{"step": 400, "val_loss": 5.93038, "val_bpc": 8.55573}
{"step": 425, "train_loss": 5.908, "lr": 0.000977, "elapsed_s": 23.8, "tok_per_s": 311675.0, "peak_vram_gib": 6.345}
{"step": 450, "train_loss": 5.84217, "lr": 0.000974, "elapsed_s": 25.1, "tok_per_s": 311698.1, "peak_vram_gib": 6.345}
{"step": 475, "train_loss": 5.76008, "lr": 0.00097, "elapsed_s": 26.5, "tok_per_s": 311716.5, "peak_vram_gib": 6.345}
{"step": 500, "train_loss": 5.76228, "lr": 0.000967, "elapsed_s": 37.5, "tok_per_s": 311969.7, "peak_vram_gib": 6.345}
{"step": 525, "train_loss": 5.70416, "lr": 0.000963, "elapsed_s": 38.9, "tok_per_s": 311749.7, "peak_vram_gib": 6.345}
{"step": 550, "train_loss": 5.69148, "lr": 0.000959, "elapsed_s": 40.2, "tok_per_s": 311778.4, "peak_vram_gib": 6.345}
{"step": 575, "train_loss": 5.68509, "lr": 0.000955, "elapsed_s": 41.6, "tok_per_s": 311801.9, "peak_vram_gib": 6.345}
{"step": 600, "train_loss": 5.56893, "lr": 0.00095, "elapsed_s": 42.9, "tok_per_s": 311815.8, "peak_vram_gib": 6.345}
{"step": 600, "val_loss": 5.626, "val_bpc": 8.1166}
{"step": 625, "train_loss": 5.6923, "lr": 0.000946, "elapsed_s": 44.4, "tok_per_s": 311823.5, "peak_vram_gib": 6.345}
{"step": 650, "train_loss": 5.72142, "lr": 0.000941, "elapsed_s": 45.7, "tok_per_s": 311838.4, "peak_vram_gib": 6.345}
{"step": 675, "train_loss": 5.39772, "lr": 0.000936, "elapsed_s": 47.1, "tok_per_s": 311845.8, "peak_vram_gib": 6.345}
{"step": 700, "train_loss": 5.54131, "lr": 0.000931, "elapsed_s": 48.4, "tok_per_s": 311854.7, "peak_vram_gib": 6.345}
{"step": 725, "train_loss": 5.60211, "lr": 0.000926, "elapsed_s": 49.7, "tok_per_s": 311862.7, "peak_vram_gib": 6.345}
{"step": 750, "train_loss": 5.46494, "lr": 0.00092, "elapsed_s": 51.1, "tok_per_s": 311862.4, "peak_vram_gib": 6.345}
{"step": 775, "train_loss": 5.29549, "lr": 0.000914, "elapsed_s": 52.4, "tok_per_s": 311870.9, "peak_vram_gib": 6.345}
{"step": 800, "train_loss": 5.53407, "lr": 0.000909, "elapsed_s": 53.8, "tok_per_s": 311873.6, "peak_vram_gib": 6.345}
{"step": 800, "val_loss": 5.40034, "val_bpc": 7.79104}
{"step": 825, "train_loss": 5.29726, "lr": 0.000903, "elapsed_s": 55.3, "tok_per_s": 311879.4, "peak_vram_gib": 6.345}
{"step": 850, "train_loss": 5.38228, "lr": 0.000896, "elapsed_s": 56.6, "tok_per_s": 311885.1, "peak_vram_gib": 6.345}
{"step": 875, "train_loss": 5.26866, "lr": 0.00089, "elapsed_s": 57.9, "tok_per_s": 311892.5, "peak_vram_gib": 6.345}
{"step": 900, "train_loss": 5.39589, "lr": 0.000884, "elapsed_s": 59.3, "tok_per_s": 311896.5, "peak_vram_gib": 6.345}
{"step": 925, "train_loss": 5.3124, "lr": 0.000877, "elapsed_s": 60.6, "tok_per_s": 311898.1, "peak_vram_gib": 6.345}
{"step": 950, "train_loss": 5.22592, "lr": 0.00087, "elapsed_s": 61.9, "tok_per_s": 311902.3, "peak_vram_gib": 6.345}
{"step": 975, "train_loss": 5.32606, "lr": 0.000863, "elapsed_s": 63.3, "tok_per_s": 311905.3, "peak_vram_gib": 6.345}
{"step": 1000, "train_loss": 5.23071, "lr": 0.000856, "elapsed_s": 74.5, "tok_per_s": 312024.1, "peak_vram_gib": 6.345}
{"step": 1000, "val_loss": 5.2251, "val_bpc": 7.53822}
{"step": 1025, "train_loss": 5.24398, "lr": 0.000849, "elapsed_s": 76.0, "tok_per_s": 311940.8, "peak_vram_gib": 6.345}
{"step": 1050, "train_loss": 5.20262, "lr": 0.000841, "elapsed_s": 77.3, "tok_per_s": 311923.4, "peak_vram_gib": 6.345}
{"step": 1075, "train_loss": 5.14525, "lr": 0.000834, "elapsed_s": 78.7, "tok_per_s": 311923.8, "peak_vram_gib": 6.345}
{"step": 1100, "train_loss": 5.1448, "lr": 0.000826, "elapsed_s": 80.0, "tok_per_s": 311919.2, "peak_vram_gib": 6.345}
{"step": 1125, "train_loss": 5.17425, "lr": 0.000818, "elapsed_s": 81.4, "tok_per_s": 311919.8, "peak_vram_gib": 6.345}
{"step": 1150, "train_loss": 5.29623, "lr": 0.00081, "elapsed_s": 82.7, "tok_per_s": 311915.9, "peak_vram_gib": 6.345}
{"step": 1175, "train_loss": 5.14883, "lr": 0.000802, "elapsed_s": 84.0, "tok_per_s": 311900.6, "peak_vram_gib": 6.345}
{"step": 1200, "train_loss": 5.13091, "lr": 0.000794, "elapsed_s": 85.4, "tok_per_s": 311898.1, "peak_vram_gib": 6.345}
{"step": 1200, "val_loss": 5.07479, "val_bpc": 7.32138}
{"step": 1225, "train_loss": 4.93938, "lr": 0.000786, "elapsed_s": 86.9, "tok_per_s": 311893.4, "peak_vram_gib": 6.345}
{"step": 1250, "train_loss": 5.00051, "lr": 0.000777, "elapsed_s": 88.2, "tok_per_s": 311895.5, "peak_vram_gib": 6.345}
{"step": 1275, "train_loss": 5.04441, "lr": 0.000769, "elapsed_s": 89.6, "tok_per_s": 311896.7, "peak_vram_gib": 6.345}
{"step": 1300, "train_loss": 4.97835, "lr": 0.00076, "elapsed_s": 90.9, "tok_per_s": 311897.1, "peak_vram_gib": 6.345}
{"step": 1325, "train_loss": 4.95064, "lr": 0.000752, "elapsed_s": 92.2, "tok_per_s": 311892.0, "peak_vram_gib": 6.345}
{"step": 1350, "train_loss": 4.85002, "lr": 0.000743, "elapsed_s": 93.6, "tok_per_s": 311890.4, "peak_vram_gib": 6.345}
{"step": 1375, "train_loss": 5.00684, "lr": 0.000734, "elapsed_s": 94.9, "tok_per_s": 311884.7, "peak_vram_gib": 6.345}
{"step": 1400, "train_loss": 4.91331, "lr": 0.000725, "elapsed_s": 96.2, "tok_per_s": 311882.3, "peak_vram_gib": 6.345}
{"step": 1400, "val_loss": 4.92127, "val_bpc": 7.0999}
{"step": 1425, "train_loss": 4.99817, "lr": 0.000716, "elapsed_s": 97.7, "tok_per_s": 311884.2, "peak_vram_gib": 6.345}
{"step": 1450, "train_loss": 4.90189, "lr": 0.000707, "elapsed_s": 99.1, "tok_per_s": 311884.9, "peak_vram_gib": 6.345}
{"step": 1475, "train_loss": 4.89846, "lr": 0.000698, "elapsed_s": 100.4, "tok_per_s": 311884.3, "peak_vram_gib": 6.345}
{"step": 1500, "train_loss": 4.94781, "lr": 0.000688, "elapsed_s": 111.7, "tok_per_s": 311960.4, "peak_vram_gib": 6.345}
{"step": 1525, "train_loss": 4.70753, "lr": 0.000679, "elapsed_s": 113.1, "tok_per_s": 311864.3, "peak_vram_gib": 6.345}
{"step": 1550, "train_loss": 4.81223, "lr": 0.000669, "elapsed_s": 114.4, "tok_per_s": 311855.3, "peak_vram_gib": 6.345}
{"step": 1575, "train_loss": 4.74643, "lr": 0.00066, "elapsed_s": 115.8, "tok_per_s": 311848.0, "peak_vram_gib": 6.345}
{"step": 1600, "train_loss": 4.797, "lr": 0.00065, "elapsed_s": 117.1, "tok_per_s": 311842.3, "peak_vram_gib": 6.345}
{"step": 1600, "val_loss": 4.77817, "val_bpc": 6.89344}
{"step": 1625, "train_loss": 4.80198, "lr": 0.000641, "elapsed_s": 118.6, "tok_per_s": 311837.4, "peak_vram_gib": 6.345}
{"step": 1650, "train_loss": 4.79309, "lr": 0.000631, "elapsed_s": 120.0, "tok_per_s": 311830.2, "peak_vram_gib": 6.345}
{"step": 1675, "train_loss": 4.76494, "lr": 0.000622, "elapsed_s": 121.3, "tok_per_s": 311832.5, "peak_vram_gib": 6.345}
{"step": 1700, "train_loss": 4.74429, "lr": 0.000612, "elapsed_s": 122.6, "tok_per_s": 311834.9, "peak_vram_gib": 6.345}
{"step": 1725, "train_loss": 4.81924, "lr": 0.000602, "elapsed_s": 124.0, "tok_per_s": 311836.5, "peak_vram_gib": 6.345}
{"step": 1750, "train_loss": 4.69894, "lr": 0.000592, "elapsed_s": 125.3, "tok_per_s": 311832.6, "peak_vram_gib": 6.345}
{"step": 1775, "train_loss": 4.74137, "lr": 0.000583, "elapsed_s": 126.6, "tok_per_s": 311833.0, "peak_vram_gib": 6.345}
{"step": 1800, "train_loss": 4.57842, "lr": 0.000573, "elapsed_s": 128.0, "tok_per_s": 311816.8, "peak_vram_gib": 6.345}
{"step": 1800, "val_loss": 4.66567, "val_bpc": 6.73114}
{"step": 1825, "train_loss": 4.71858, "lr": 0.000563, "elapsed_s": 129.5, "tok_per_s": 311809.8, "peak_vram_gib": 6.345}
{"step": 1850, "train_loss": 4.65719, "lr": 0.000553, "elapsed_s": 130.8, "tok_per_s": 311803.2, "peak_vram_gib": 6.345}
{"step": 1875, "train_loss": 4.74491, "lr": 0.000544, "elapsed_s": 132.2, "tok_per_s": 311791.7, "peak_vram_gib": 6.345}
{"step": 1900, "train_loss": 4.64386, "lr": 0.000534, "elapsed_s": 133.5, "tok_per_s": 311787.5, "peak_vram_gib": 6.345}
{"step": 1925, "train_loss": 4.55925, "lr": 0.000524, "elapsed_s": 134.9, "tok_per_s": 311785.6, "peak_vram_gib": 6.345}
{"step": 1950, "train_loss": 4.61992, "lr": 0.000514, "elapsed_s": 136.2, "tok_per_s": 311779.4, "peak_vram_gib": 6.345}
{"step": 1975, "train_loss": 4.66479, "lr": 0.000504, "elapsed_s": 137.5, "tok_per_s": 311776.9, "peak_vram_gib": 6.345}
{"step": 2000, "train_loss": 4.52466, "lr": 0.000495, "elapsed_s": 148.5, "tok_per_s": 311833.7, "peak_vram_gib": 6.345}
{"step": 2000, "val_loss": 4.58001, "val_bpc": 6.60755}
{"step": 2025, "train_loss": 4.61684, "lr": 0.000485, "elapsed_s": 150.0, "tok_per_s": 311825.0, "peak_vram_gib": 6.345}
{"step": 2050, "train_loss": 4.56274, "lr": 0.000475, "elapsed_s": 151.3, "tok_per_s": 311819.2, "peak_vram_gib": 6.345}
{"step": 2075, "train_loss": 4.55255, "lr": 0.000466, "elapsed_s": 152.7, "tok_per_s": 311818.9, "peak_vram_gib": 6.345}
{"step": 2100, "train_loss": 4.55831, "lr": 0.000456, "elapsed_s": 154.0, "tok_per_s": 311818.7, "peak_vram_gib": 6.345}
{"step": 2125, "train_loss": 4.62063, "lr": 0.000446, "elapsed_s": 155.3, "tok_per_s": 311820.2, "peak_vram_gib": 6.345}
{"step": 2150, "train_loss": 4.4595, "lr": 0.000437, "elapsed_s": 156.7, "tok_per_s": 311821.0, "peak_vram_gib": 6.345}
{"step": 2175, "train_loss": 4.54214, "lr": 0.000428, "elapsed_s": 158.0, "tok_per_s": 311822.6, "peak_vram_gib": 6.345}
{"step": 2200, "train_loss": 4.55686, "lr": 0.000418, "elapsed_s": 159.4, "tok_per_s": 311824.5, "peak_vram_gib": 6.345}
{"step": 2200, "val_loss": 4.50943, "val_bpc": 6.50573}
{"step": 2225, "train_loss": 4.55496, "lr": 0.000409, "elapsed_s": 160.9, "tok_per_s": 311826.9, "peak_vram_gib": 6.345}
{"step": 2250, "train_loss": 4.49956, "lr": 0.0004, "elapsed_s": 162.2, "tok_per_s": 311828.3, "peak_vram_gib": 6.345}
{"step": 2275, "train_loss": 4.63688, "lr": 0.00039, "elapsed_s": 163.5, "tok_per_s": 311832.0, "peak_vram_gib": 6.345}
{"step": 2300, "train_loss": 4.50002, "lr": 0.000381, "elapsed_s": 164.9, "tok_per_s": 311834.4, "peak_vram_gib": 6.345}
{"step": 2325, "train_loss": 4.40618, "lr": 0.000372, "elapsed_s": 166.2, "tok_per_s": 311836.8, "peak_vram_gib": 6.345}
{"step": 2350, "train_loss": 4.46212, "lr": 0.000363, "elapsed_s": 167.5, "tok_per_s": 311838.4, "peak_vram_gib": 6.345}
{"step": 2375, "train_loss": 4.52698, "lr": 0.000354, "elapsed_s": 168.9, "tok_per_s": 311841.0, "peak_vram_gib": 6.345}
{"step": 2400, "train_loss": 4.3899, "lr": 0.000346, "elapsed_s": 170.2, "tok_per_s": 311844.5, "peak_vram_gib": 6.345}
{"step": 2400, "val_loss": 4.45126, "val_bpc": 6.42181}
{"step": 2425, "train_loss": 4.55404, "lr": 0.000337, "elapsed_s": 171.7, "tok_per_s": 311846.2, "peak_vram_gib": 6.345}
{"step": 2450, "train_loss": 4.56029, "lr": 0.000328, "elapsed_s": 173.1, "tok_per_s": 311846.4, "peak_vram_gib": 6.345}
{"step": 2475, "train_loss": 4.50804, "lr": 0.00032, "elapsed_s": 174.4, "tok_per_s": 311846.8, "peak_vram_gib": 6.345}
{"step": 2500, "train_loss": 4.39329, "lr": 0.000311, "elapsed_s": 186.0, "tok_per_s": 311891.9, "peak_vram_gib": 6.345}
{"step": 2525, "train_loss": 4.34567, "lr": 0.000303, "elapsed_s": 187.4, "tok_per_s": 311835.6, "peak_vram_gib": 6.345}
{"step": 2550, "train_loss": 4.34073, "lr": 0.000295, "elapsed_s": 188.7, "tok_per_s": 311832.8, "peak_vram_gib": 6.345}
{"step": 2575, "train_loss": 4.3927, "lr": 0.000287, "elapsed_s": 190.0, "tok_per_s": 311824.6, "peak_vram_gib": 6.345}
{"step": 2600, "train_loss": 4.42227, "lr": 0.000279, "elapsed_s": 191.4, "tok_per_s": 311814.8, "peak_vram_gib": 6.345}
{"step": 2600, "val_loss": 4.40227, "val_bpc": 6.35113}
{"step": 2625, "train_loss": 4.52874, "lr": 0.000271, "elapsed_s": 192.9, "tok_per_s": 311808.7, "peak_vram_gib": 6.345}
{"step": 2650, "train_loss": 4.48468, "lr": 0.000264, "elapsed_s": 194.2, "tok_per_s": 311808.9, "peak_vram_gib": 6.345}
{"step": 2675, "train_loss": 4.37357, "lr": 0.000256, "elapsed_s": 195.6, "tok_per_s": 311810.0, "peak_vram_gib": 6.345}
{"step": 2700, "train_loss": 4.50636, "lr": 0.000249, "elapsed_s": 196.9, "tok_per_s": 311806.5, "peak_vram_gib": 6.345}
{"step": 2725, "train_loss": 4.31729, "lr": 0.000242, "elapsed_s": 198.2, "tok_per_s": 311804.2, "peak_vram_gib": 6.345}
{"step": 2750, "train_loss": 4.43939, "lr": 0.000235, "elapsed_s": 199.6, "tok_per_s": 311799.9, "peak_vram_gib": 6.345}
{"step": 2775, "train_loss": 4.40231, "lr": 0.000228, "elapsed_s": 200.9, "tok_per_s": 311790.4, "peak_vram_gib": 6.345}
{"step": 2800, "train_loss": 4.3424, "lr": 0.000221, "elapsed_s": 202.3, "tok_per_s": 311786.9, "peak_vram_gib": 6.345}
{"step": 2800, "val_loss": 4.35719, "val_bpc": 6.2861}
{"step": 2825, "train_loss": 4.41191, "lr": 0.000214, "elapsed_s": 203.8, "tok_per_s": 311785.0, "peak_vram_gib": 6.345}
{"step": 2850, "train_loss": 4.36412, "lr": 0.000208, "elapsed_s": 205.1, "tok_per_s": 311783.6, "peak_vram_gib": 6.345}
{"step": 2875, "train_loss": 4.46595, "lr": 0.000202, "elapsed_s": 206.4, "tok_per_s": 311783.5, "peak_vram_gib": 6.345}
{"step": 2900, "train_loss": 4.34599, "lr": 0.000196, "elapsed_s": 207.8, "tok_per_s": 311784.5, "peak_vram_gib": 6.345}
{"step": 2925, "train_loss": 4.34324, "lr": 0.00019, "elapsed_s": 209.1, "tok_per_s": 311784.1, "peak_vram_gib": 6.345}
{"step": 2950, "train_loss": 4.37465, "lr": 0.000184, "elapsed_s": 210.5, "tok_per_s": 311780.7, "peak_vram_gib": 6.345}
{"step": 2975, "train_loss": 4.27019, "lr": 0.000178, "elapsed_s": 211.8, "tok_per_s": 311779.8, "peak_vram_gib": 6.345}
{"step": 3000, "train_loss": 4.35508, "lr": 0.000173, "elapsed_s": 223.1, "tok_per_s": 311808.4, "peak_vram_gib": 6.345}
{"step": 3000, "val_loss": 4.32263, "val_bpc": 6.23624}
{"step": 3025, "train_loss": 4.29325, "lr": 0.000167, "elapsed_s": 224.6, "tok_per_s": 311806.5, "peak_vram_gib": 6.345}
{"step": 3050, "train_loss": 4.25194, "lr": 0.000162, "elapsed_s": 225.9, "tok_per_s": 311807.8, "peak_vram_gib": 6.345}
{"step": 3075, "train_loss": 4.36859, "lr": 0.000158, "elapsed_s": 227.2, "tok_per_s": 311808.2, "peak_vram_gib": 6.345}
{"step": 3100, "train_loss": 4.33068, "lr": 0.000153, "elapsed_s": 228.6, "tok_per_s": 311809.8, "peak_vram_gib": 6.345}
{"step": 3125, "train_loss": 4.28342, "lr": 0.000148, "elapsed_s": 229.9, "tok_per_s": 311810.6, "peak_vram_gib": 6.345}
{"step": 3150, "train_loss": 4.37691, "lr": 0.000144, "elapsed_s": 231.3, "tok_per_s": 311809.2, "peak_vram_gib": 6.345}
{"step": 3175, "train_loss": 4.37925, "lr": 0.00014, "elapsed_s": 232.6, "tok_per_s": 311807.5, "peak_vram_gib": 6.345}
{"step": 3200, "train_loss": 4.3556, "lr": 0.000136, "elapsed_s": 233.9, "tok_per_s": 311806.4, "peak_vram_gib": 6.345}
{"step": 3200, "val_loss": 4.29803, "val_bpc": 6.20075}
{"step": 3225, "train_loss": 4.37496, "lr": 0.000132, "elapsed_s": 235.4, "tok_per_s": 311805.5, "peak_vram_gib": 6.345}
{"step": 3250, "train_loss": 4.35536, "lr": 0.000129, "elapsed_s": 236.8, "tok_per_s": 311805.1, "peak_vram_gib": 6.345}
{"step": 3275, "train_loss": 4.43381, "lr": 0.000125, "elapsed_s": 238.1, "tok_per_s": 311805.9, "peak_vram_gib": 6.345}
{"step": 3300, "train_loss": 4.30688, "lr": 0.000122, "elapsed_s": 239.5, "tok_per_s": 311805.0, "peak_vram_gib": 6.345}
{"step": 3325, "train_loss": 4.18853, "lr": 0.000119, "elapsed_s": 240.8, "tok_per_s": 311804.5, "peak_vram_gib": 6.345}
{"step": 3350, "train_loss": 4.47635, "lr": 0.000117, "elapsed_s": 242.1, "tok_per_s": 311804.1, "peak_vram_gib": 6.345}
{"step": 3375, "train_loss": 4.27303, "lr": 0.000114, "elapsed_s": 243.5, "tok_per_s": 311803.9, "peak_vram_gib": 6.345}
{"step": 3400, "train_loss": 4.32208, "lr": 0.000112, "elapsed_s": 244.8, "tok_per_s": 311803.7, "peak_vram_gib": 6.345}
{"step": 3400, "val_loss": 4.27735, "val_bpc": 6.17092}
{"step": 3425, "train_loss": 4.26824, "lr": 0.00011, "elapsed_s": 246.3, "tok_per_s": 311802.4, "peak_vram_gib": 6.345}
{"step": 3450, "train_loss": 4.40905, "lr": 0.000108, "elapsed_s": 247.6, "tok_per_s": 311802.2, "peak_vram_gib": 6.345}
{"step": 3475, "train_loss": 4.19724, "lr": 0.000106, "elapsed_s": 249.0, "tok_per_s": 311798.7, "peak_vram_gib": 6.345}
{"step": 3500, "train_loss": 4.30206, "lr": 0.000104, "elapsed_s": 260.2, "tok_per_s": 311829.3, "peak_vram_gib": 6.345}
{"step": 3525, "train_loss": 4.27147, "lr": 0.000103, "elapsed_s": 261.6, "tok_per_s": 311782.1, "peak_vram_gib": 6.345}
{"step": 3550, "train_loss": 4.43966, "lr": 0.000102, "elapsed_s": 262.9, "tok_per_s": 311775.5, "peak_vram_gib": 6.345}
{"step": 3575, "train_loss": 4.25645, "lr": 0.000101, "elapsed_s": 264.3, "tok_per_s": 311770.7, "peak_vram_gib": 6.345}
{"step": 3600, "train_loss": 4.24982, "lr": 0.000101, "elapsed_s": 265.6, "tok_per_s": 311766.9, "peak_vram_gib": 6.345}
{"step": 3600, "val_loss": 4.25893, "val_bpc": 6.14434}
{"step": 3625, "train_loss": 4.31733, "lr": 0.0001, "elapsed_s": 267.1, "tok_per_s": 311761.7, "peak_vram_gib": 6.345}
{"step": 3650, "train_loss": 4.23881, "lr": 0.0001, "elapsed_s": 268.5, "tok_per_s": 311757.4, "peak_vram_gib": 6.345}
{"step": 3661, "val_loss": 4.25572, "val_bpc": 6.13971}
{"final_eval": {"eval_loss": 4.28121, "eval_windows": 1953, "eval_tokens": 1999872, "eval_tokens_dropped": 127, "eval_bin": "data/m2/val-eval-2M.bin"}}
{"summary": {"final_val_loss": 4.25572, "final_val_bpc": 6.13971, "final_eval_loss": 4.28121, "wall_clock_s": 281.2, "run": "m2-sweep-flat-lr1e3-do00", "tok_per_s": 311775.8, "meas_steps": 3652, "tokens_per_step": 16384, "peak_vram_gib": 6.345}}
